This file contains any messages produced by compilers while
running configure, to aid debugging if configure makes a mistake.

It was created by MED Fichier configure 4.0.0, which was
generated by GNU Autoconf 2.69.  Invocation command line was

  $ ./configure --prefix=/home/tomsail/apps/telemac-mascaret/optionals/med-4.0.0 --with-hdf5=/home/tomsail/apps/telemac-mascaret/optionals/hdf5-1.10.3 --disable-python

## --------- ##
## Platform. ##
## --------- ##

hostname = tomsail-XPS-15-7590
uname -m = x86_64
uname -r = 5.19.0-45-generic
uname -s = Linux
uname -v = #46~22.04.1-Ubuntu SMP PREEMPT_DYNAMIC Wed Jun 7 15:06:04 UTC 20

/usr/bin/uname -p = x86_64
/bin/uname -X     = unknown

/bin/arch              = x86_64
/usr/bin/arch -k       = unknown
/usr/convex/getsysinfo = unknown
/usr/bin/hostinfo      = unknown
/bin/machine           = unknown
/usr/bin/oslevel       = unknown
/bin/universe          = unknown

PATH: lib/x86_64-linux-gnu/openmpi
PATH: /home/tomsail/apps/telemac-mascaret/scripts/python3
PATH: .
PATH: lib/x86_64-linux-gnu/openmpi
PATH: /home/tomsail/apps/telemac-mascaret/scripts/python3
PATH: .
PATH: lib/x86_64-linux-gnu/openmpi
PATH: /home/tomsail/apps/telemac-mascaret/scripts/python3
PATH: .
PATH: lib/x86_64-linux-gnu/openmpi
PATH: /home/tomsail/apps/telemac-mascaret/scripts/python3
PATH: .
PATH: /home/tomsail/apps/telemac-mascaret/scripts/python3
PATH: .
PATH: /home/tomsail/apps/telemac-mascaret/scripts/python3
PATH: .
PATH: /usr/local/sbin
PATH: /usr/local/bin
PATH: /usr/sbin
PATH: /usr/bin
PATH: /sbin
PATH: /bin
PATH: /snap/bin


## ----------- ##
## Core tests. ##
## ----------- ##

configure:3284: checking for a BSD-compatible install
configure:3352: result: /usr/bin/install -c
configure:3363: checking whether build environment is sane
configure:3418: result: yes
configure:3569: checking for a thread-safe mkdir -p
configure:3608: result: /usr/bin/mkdir -p
configure:3615: checking for gawk
configure:3645: result: no
configure:3615: checking for mawk
configure:3631: found /usr/bin/mawk
configure:3642: result: mawk
configure:3653: checking whether make sets $(MAKE)
configure:3675: result: yes
configure:3704: checking whether make supports nested variables
configure:3721: result: yes
configure:3810: checking whether UID '0' is supported by ustar format
configure:3813: result: yes
configure:3820: checking whether GID '0' is supported by ustar format
configure:3823: result: yes
configure:3831: checking how to create a ustar tar archive
configure:3842: tar --version
tar (GNU tar) 1.34
Copyright (C) 2021 Free Software Foundation, Inc.
License GPLv3+: GNU GPL version 3 or later <https://gnu.org/licenses/gpl.html>.
This is free software: you are free to change and redistribute it.
There is NO WARRANTY, to the extent permitted by law.

Written by John Gilmore and Jay Fenlason.
configure:3845: $? = 0
configure:3885: tardir=conftest.dir && eval tar --format=ustar -chf - "$tardir" >conftest.tar
configure:3888: $? = 0
configure:3892: tar -xf - <conftest.tar
configure:3895: $? = 0
configure:3897: cat conftest.dir/file
GrepMe
configure:3900: $? = 0
configure:3913: result: gnutar
configure:4037: Trying /home/tomsail/apps/telemac-mascaret/optionals/hdf5-1.10.3 home path for searching H5pubconf.h file.
configure:4067: checking for a sed that does not truncate output
configure:4131: result: /usr/bin/sed
configure:4152: checking whether to compile C using MPI
configure:4159: result: yes
configure:4215: checking for mpicc
configure:4231: found /usr/bin/mpicc
configure:4242: result: mpicc
configure:4281: checking for style of include used by make
configure:4309: result: GNU
configure:4380: checking for gcc
configure:4407: result: mpicc
configure:4636: checking for C compiler version
configure:4645: mpicc --version >&5
gcc (Ubuntu 11.3.0-1ubuntu1~22.04.1) 11.3.0
Copyright (C) 2021 Free Software Foundation, Inc.
This is free software; see the source for copying conditions.  There is NO
warranty; not even for MERCHANTABILITY or FITNESS FOR A PARTICULAR PURPOSE.

configure:4656: $? = 0
configure:4645: mpicc -v >&5
Using built-in specs.
COLLECT_GCC=/usr/bin/gcc
COLLECT_LTO_WRAPPER=/usr/lib/gcc/x86_64-linux-gnu/11/lto-wrapper
OFFLOAD_TARGET_NAMES=nvptx-none:amdgcn-amdhsa
OFFLOAD_TARGET_DEFAULT=1
Target: x86_64-linux-gnu
Configured with: ../src/configure -v --with-pkgversion='Ubuntu 11.3.0-1ubuntu1~22.04.1' --with-bugurl=file:///usr/share/doc/gcc-11/README.Bugs --enable-languages=c,ada,c++,go,brig,d,fortran,objc,obj-c++,m2 --prefix=/usr --with-gcc-major-version-only --program-suffix=-11 --program-prefix=x86_64-linux-gnu- --enable-shared --enable-linker-build-id --libexecdir=/usr/lib --without-included-gettext --enable-threads=posix --libdir=/usr/lib --enable-nls --enable-bootstrap --enable-clocale=gnu --enable-libstdcxx-debug --enable-libstdcxx-time=yes --with-default-libstdcxx-abi=new --enable-gnu-unique-object --disable-vtable-verify --enable-plugin --enable-default-pie --with-system-zlib --enable-libphobos-checking=release --with-target-system-zlib=auto --enable-objc-gc=auto --enable-multiarch --disable-werror --enable-cet --with-arch-32=i686 --with-abi=m64 --with-multilib-list=m32,m64,mx32 --enable-multilib --with-tune=generic --enable-offload-targets=nvptx-none=/build/gcc-11-aYxV0E/gcc-11-11.3.0/debian/tmp-nvptx/usr,amdgcn-amdhsa=/build/gcc-11-aYxV0E/gcc-11-11.3.0/debian/tmp-gcn/usr --without-cuda-driver --enable-checking=release --build=x86_64-linux-gnu --host=x86_64-linux-gnu --target=x86_64-linux-gnu --with-build-config=bootstrap-lto-lean --enable-link-serialization=2
Thread model: posix
Supported LTO compression algorithms: zlib zstd
gcc version 11.3.0 (Ubuntu 11.3.0-1ubuntu1~22.04.1) 
... rest of stderr output deleted ...
configure:4656: $? = 0
configure:4645: mpicc -V >&5
gcc: error: unrecognized command-line option '-V'
gcc: fatal error: no input files
compilation terminated.
configure:4656: $? = 1
configure:4645: mpicc -qversion >&5
gcc: error: unrecognized command-line option '-qversion'; did you mean '--version'?
gcc: fatal error: no input files
compilation terminated.
configure:4656: $? = 1
configure:4676: checking whether the C compiler works
configure:4698: mpicc    conftest.c  >&5
configure:4702: $? = 0
configure:4750: result: yes
configure:4753: checking for C compiler default output file name
configure:4755: result: a.out
configure:4761: checking for suffix of executables
configure:4768: mpicc -o conftest    conftest.c  >&5
configure:4772: $? = 0
configure:4794: result: 
configure:4816: checking whether we are cross compiling
configure:4824: mpicc -o conftest    conftest.c  >&5
configure:4828: $? = 0
configure:4835: ./conftest
configure:4839: $? = 0
configure:4854: result: no
configure:4859: checking for suffix of object files
configure:4881: mpicc -c   conftest.c >&5
configure:4885: $? = 0
configure:4906: result: o
configure:4910: checking whether we are using the GNU C compiler
configure:4929: mpicc -c   conftest.c >&5
configure:4929: $? = 0
configure:4938: result: yes
configure:4947: checking whether mpicc accepts -g
configure:4967: mpicc -c -g  conftest.c >&5
configure:4967: $? = 0
configure:5008: result: yes
configure:5025: checking for mpicc option to accept ISO C89
configure:5088: mpicc  -c -g -O2  conftest.c >&5
configure:5088: $? = 0
configure:5101: result: none needed
configure:5126: checking whether mpicc understands -c and -o together
configure:5148: mpicc -c conftest.c -o conftest2.o
configure:5151: $? = 0
configure:5148: mpicc -c conftest.c -o conftest2.o
configure:5151: $? = 0
configure:5163: result: yes
configure:5182: checking dependency style of mpicc
configure:5293: result: gcc3
configure:5310: checking for mpicc option to accept ISO C99
configure:5459: mpicc  -c -g -O2  conftest.c >&5
configure:5459: $? = 0
configure:5472: result: none needed
configure:5518: checking for function MPI_Init
configure:5543: mpicc -o conftest -g -O2   conftest.c  >&5
configure:5543: $? = 0
configure:5550: result: yes
configure:5561: checking for mpi.h
configure:5574: mpicc -c -g -O2  conftest.c >&5
configure:5574: $? = 0
configure:5575: result: yes
configure:5682: checking whether to compile FC using MPI
configure:5689: result: yes
configure:6244: checking build system type
configure:6258: result: x86_64-unknown-linux-gnu
configure:6278: checking host system type
configure:6291: result: x86_64-unknown-linux-gnu
configure:7114: checking for grep that handles long lines and -e
configure:7172: result: /usr/bin/grep
configure:7182: checking how to run the C preprocessor
configure:7213: mpicc -E  conftest.c
configure:7213: $? = 0
configure:7227: mpicc -E  conftest.c
conftest.c:13:10: fatal error: ac_nonexistent.h: No such file or directory
   13 | #include <ac_nonexistent.h>
      |          ^~~~~~~~~~~~~~~~~~
compilation terminated.
configure:7227: $? = 1
configure: failed program was:
| /* confdefs.h */
| #define PACKAGE_NAME "MED Fichier"
| #define PACKAGE_TARNAME "med"
| #define PACKAGE_VERSION "4.0.0"
| #define PACKAGE_STRING "MED Fichier 4.0.0"
| #define PACKAGE_BUGREPORT "eric.fayolle@edf.fr"
| #define PACKAGE_URL ""
| #define PACKAGE "med"
| #define VERSION "4.0.0"
| #define HAVE_MPI 1
| #define MED_HAVE_FORTRAN 1
| /* end confdefs.h.  */
| #include <ac_nonexistent.h>
configure:7252: result: mpicc -E
configure:7272: mpicc -E  conftest.c
configure:7272: $? = 0
configure:7286: mpicc -E  conftest.c
conftest.c:13:10: fatal error: ac_nonexistent.h: No such file or directory
   13 | #include <ac_nonexistent.h>
      |          ^~~~~~~~~~~~~~~~~~
compilation terminated.
configure:7286: $? = 1
configure: failed program was:
| /* confdefs.h */
| #define PACKAGE_NAME "MED Fichier"
| #define PACKAGE_TARNAME "med"
| #define PACKAGE_VERSION "4.0.0"
| #define PACKAGE_STRING "MED Fichier 4.0.0"
| #define PACKAGE_BUGREPORT "eric.fayolle@edf.fr"
| #define PACKAGE_URL ""
| #define PACKAGE "med"
| #define VERSION "4.0.0"
| #define HAVE_MPI 1
| #define MED_HAVE_FORTRAN 1
| /* end confdefs.h.  */
| #include <ac_nonexistent.h>
configure:7315: checking for egrep
configure:7377: result: /usr/bin/grep -E
configure:7382: checking for ANSI C header files
configure:7402: mpicc -c -g -O2  conftest.c >&5
configure:7402: $? = 0
configure:7475: mpicc -o conftest -g -O2   conftest.c  >&5
configure:7475: $? = 0
configure:7475: ./conftest
configure:7475: $? = 0
configure:7486: result: yes
configure:7499: checking for sys/types.h
configure:7499: mpicc -c -g -O2  conftest.c >&5
configure:7499: $? = 0
configure:7499: result: yes
configure:7499: checking for sys/stat.h
configure:7499: mpicc -c -g -O2  conftest.c >&5
configure:7499: $? = 0
configure:7499: result: yes
configure:7499: checking for stdlib.h
configure:7499: mpicc -c -g -O2  conftest.c >&5
configure:7499: $? = 0
configure:7499: result: yes
configure:7499: checking for string.h
configure:7499: mpicc -c -g -O2  conftest.c >&5
configure:7499: $? = 0
configure:7499: result: yes
configure:7499: checking for memory.h
configure:7499: mpicc -c -g -O2  conftest.c >&5
configure:7499: $? = 0
configure:7499: result: yes
configure:7499: checking for strings.h
configure:7499: mpicc -c -g -O2  conftest.c >&5
configure:7499: $? = 0
configure:7499: result: yes
configure:7499: checking for inttypes.h
configure:7499: mpicc -c -g -O2  conftest.c >&5
configure:7499: $? = 0
configure:7499: result: yes
configure:7499: checking for stdint.h
configure:7499: mpicc -c -g -O2  conftest.c >&5
configure:7499: $? = 0
configure:7499: result: yes
configure:7499: checking for unistd.h
configure:7499: mpicc -c -g -O2  conftest.c >&5
configure:7499: $? = 0
configure:7499: result: yes
configure:7530: checking absolute name of <H5public.h>
configure:7537: checking H5public.h usability
configure:7537: mpicc -c -g -O2 -I/home/tomsail/apps/telemac-mascaret/optionals/hdf5-1.10.3/include  conftest.c >&5
configure:7537: $? = 0
configure:7537: result: yes
configure:7537: checking H5public.h presence
configure:7537: mpicc -E -I/home/tomsail/apps/telemac-mascaret/optionals/hdf5-1.10.3/include  conftest.c
configure:7537: $? = 0
configure:7537: result: yes
configure:7537: checking for H5public.h
configure:7537: result: yes
configure:7561: result: ///home/tomsail/apps/telemac-mascaret/optionals/hdf5-1.10.3/include/H5public.h
configure:7594: checking absolute name of <H5Ipublic.h>
configure:7601: checking H5Ipublic.h usability
configure:7601: mpicc -c -g -O2 -I/home/tomsail/apps/telemac-mascaret/optionals/hdf5-1.10.3/include  conftest.c >&5
configure:7601: $? = 0
configure:7601: result: yes
configure:7601: checking H5Ipublic.h presence
configure:7601: mpicc -E -I/home/tomsail/apps/telemac-mascaret/optionals/hdf5-1.10.3/include  conftest.c
configure:7601: $? = 0
configure:7601: result: yes
configure:7601: checking for H5Ipublic.h
configure:7601: result: yes
configure:7625: result: ///home/tomsail/apps/telemac-mascaret/optionals/hdf5-1.10.3/include/H5Ipublic.h
configure:7636: checking for H5open in -lhdf5
configure:7661: mpicc -o conftest -g -O2 -I/home/tomsail/apps/telemac-mascaret/optionals/hdf5-1.10.3/include  -L/home/tomsail/apps/telemac-mascaret/optionals/hdf5-1.10.3/lib  conftest.c -lhdf5 -lm -lz  >&5
configure:7661: $? = 0
configure:7670: result: yes
configure:7685: checking for H5Pset_fapl_mpio
configure:7685: mpicc -o conftest -g -O2 -I/home/tomsail/apps/telemac-mascaret/optionals/hdf5-1.10.3/include  -L/home/tomsail/apps/telemac-mascaret/optionals/hdf5-1.10.3/lib  conftest.c -lhdf5  >&5
configure:7685: $? = 0
configure:7685: result: yes
configure:7700: checking for h5dump
configure:7718: found /home/tomsail/apps/telemac-mascaret/optionals/hdf5-1.10.3/bin/h5dump
configure:7731: result: /home/tomsail/apps/telemac-mascaret/optionals/hdf5-1.10.3/bin/h5dump
configure:7845: MED library display error messages is activated.
configure:7876: Checking previous data model objects not strictly API3.0 compatible is activated.
configure:7919: WARNING: Test programs will not be installed.
configure:7932: checking whether to compile F77 using MPI
configure:7939: result: yes
configure:7995: checking for mpif77
configure:8011: found /usr/bin/mpif77
configure:8022: result: mpif77
configure:8159: checking for Fortran 77 compiler version
configure:8168: mpif77 --version >&5
GNU Fortran (Ubuntu 11.3.0-1ubuntu1~22.04.1) 11.3.0
Copyright (C) 2021 Free Software Foundation, Inc.
This is free software; see the source for copying conditions.  There is NO
warranty; not even for MERCHANTABILITY or FITNESS FOR A PARTICULAR PURPOSE.

configure:8179: $? = 0
configure:8168: mpif77 -v >&5
Using built-in specs.
COLLECT_GCC=/usr/bin/gfortran
COLLECT_LTO_WRAPPER=/usr/lib/gcc/x86_64-linux-gnu/11/lto-wrapper
OFFLOAD_TARGET_NAMES=nvptx-none:amdgcn-amdhsa
OFFLOAD_TARGET_DEFAULT=1
Target: x86_64-linux-gnu
Configured with: ../src/configure -v --with-pkgversion='Ubuntu 11.3.0-1ubuntu1~22.04.1' --with-bugurl=file:///usr/share/doc/gcc-11/README.Bugs --enable-languages=c,ada,c++,go,brig,d,fortran,objc,obj-c++,m2 --prefix=/usr --with-gcc-major-version-only --program-suffix=-11 --program-prefix=x86_64-linux-gnu- --enable-shared --enable-linker-build-id --libexecdir=/usr/lib --without-included-gettext --enable-threads=posix --libdir=/usr/lib --enable-nls --enable-bootstrap --enable-clocale=gnu --enable-libstdcxx-debug --enable-libstdcxx-time=yes --with-default-libstdcxx-abi=new --enable-gnu-unique-object --disable-vtable-verify --enable-plugin --enable-default-pie --with-system-zlib --enable-libphobos-checking=release --with-target-system-zlib=auto --enable-objc-gc=auto --enable-multiarch --disable-werror --enable-cet --with-arch-32=i686 --with-abi=m64 --with-multilib-list=m32,m64,mx32 --enable-multilib --with-tune=generic --enable-offload-targets=nvptx-none=/build/gcc-11-aYxV0E/gcc-11-11.3.0/debian/tmp-nvptx/usr,amdgcn-amdhsa=/build/gcc-11-aYxV0E/gcc-11-11.3.0/debian/tmp-gcn/usr --without-cuda-driver --enable-checking=release --build=x86_64-linux-gnu --host=x86_64-linux-gnu --target=x86_64-linux-gnu --with-build-config=bootstrap-lto-lean --enable-link-serialization=2
Thread model: posix
Supported LTO compression algorithms: zlib zstd
gcc version 11.3.0 (Ubuntu 11.3.0-1ubuntu1~22.04.1) 
... rest of stderr output deleted ...
configure:8179: $? = 0
configure:8168: mpif77 -V >&5
gfortran: error: unrecognized command-line option '-V'
gfortran: fatal error: no input files
compilation terminated.
configure:8179: $? = 1
configure:8168: mpif77 -qversion >&5
gfortran: error: unrecognized command-line option '-qversion'; did you mean '--version'?
gfortran: fatal error: no input files
compilation terminated.
configure:8179: $? = 1
configure:8188: checking whether we are using the GNU Fortran 77 compiler
configure:8201: mpif77 -c  conftest.F >&5
configure:8201: $? = 0
configure:8210: result: yes
configure:8216: checking whether mpif77 accepts -g
configure:8227: mpif77 -c -g conftest.f >&5
configure:8227: $? = 0
configure:8235: result: yes
configure:8300: checking for function MPI_INIT
configure:8312: mpif77 -o conftest -g -O2  conftest.f  >&5
configure:8312: $? = 0
configure:8319: result: yes
configure:8330: checking for mpif.h
configure:8339: mpif77 -c -g -O2 conftest.f >&5
configure:8339: $? = 0
configure:8340: result: yes
configure:8417: checking how to get verbose linking output from mpif77
configure:8427: mpif77 -c -g -O2 conftest.f >&5
configure:8427: $? = 0
configure:8445: mpif77 -o conftest -g -O2 -v conftest.f
Using built-in specs.
Target: x86_64-linux-gnu
Thread model: posix
Supported LTO compression algorithms: zlib zstd
gcc version 11.3.0 (Ubuntu 11.3.0-1ubuntu1~22.04.1) 
 /usr/lib/gcc/x86_64-linux-gnu/11/f951 conftest.f -ffixed-form -I /usr/lib/x86_64-linux-gnu/openmpi/lib/../../fortran/gfortran-mod-15/openmpi -I /usr/lib/x86_64-linux-gnu/openmpi/lib -quiet -dumpbase conftest.f -dumpbase-ext .f -mtune=generic -march=x86-64 -g -O2 -version -fintrinsic-modules-path /usr/lib/gcc/x86_64-linux-gnu/11/finclude -fpre-include=/usr/include/finclude/math-vector-fortran.h -o /tmp/ccEQBqbU.s
GNU Fortran (Ubuntu 11.3.0-1ubuntu1~22.04.1) version 11.3.0 (x86_64-linux-gnu)
	compiled by GNU C version 11.3.0, GMP version 6.2.1, MPFR version 4.1.0, MPC version 1.2.1, isl version isl-0.24-GMP

GGC heuristics: --param ggc-min-expand=100 --param ggc-min-heapsize=131072
GNU Fortran2008 (Ubuntu 11.3.0-1ubuntu1~22.04.1) version 11.3.0 (x86_64-linux-gnu)
	compiled by GNU C version 11.3.0, GMP version 6.2.1, MPFR version 4.1.0, MPC version 1.2.1, isl version isl-0.24-GMP

GGC heuristics: --param ggc-min-expand=100 --param ggc-min-heapsize=131072
 as -v -I /usr/lib/x86_64-linux-gnu/openmpi/lib/../../fortran/gfortran-mod-15/openmpi -I /usr/lib/x86_64-linux-gnu/openmpi/lib --gdwarf-5 --64 -o /tmp/ccG2ovRj.o /tmp/ccEQBqbU.s
GNU assembler version 2.38 (x86_64-linux-gnu) using BFD version (GNU Binutils for Ubuntu) 2.38
Reading specs from /usr/lib/gcc/x86_64-linux-gnu/11/libgfortran.spec
rename spec lib to liborig
 /usr/lib/gcc/x86_64-linux-gnu/11/collect2 -plugin /usr/lib/gcc/x86_64-linux-gnu/11/liblto_plugin.so -plugin-opt=/usr/lib/gcc/x86_64-linux-gnu/11/lto-wrapper -plugin-opt=-fresolution=/tmp/cc9OC9mZ.res -plugin-opt=-pass-through=-lgcc_s -plugin-opt=-pass-through=-lgcc -plugin-opt=-pass-through=-lquadmath -plugin-opt=-pass-through=-lm -plugin-opt=-pass-through=-lgcc_s -plugin-opt=-pass-through=-lgcc -plugin-opt=-pass-through=-lc -plugin-opt=-pass-through=-lgcc_s -plugin-opt=-pass-through=-lgcc --build-id --eh-frame-hdr -m elf_x86_64 --hash-style=gnu --as-needed -dynamic-linker /lib64/ld-linux-x86-64.so.2 -pie -z now -z relro -o conftest /usr/lib/gcc/x86_64-linux-gnu/11/../../../x86_64-linux-gnu/Scrt1.o /usr/lib/gcc/x86_64-linux-gnu/11/../../../x86_64-linux-gnu/crti.o /usr/lib/gcc/x86_64-linux-gnu/11/crtbeginS.o -L/usr/lib/x86_64-linux-gnu/openmpi/lib/fortran/gfortran -L/usr/lib/gcc/x86_64-linux-gnu/11 -L/usr/lib/gcc/x86_64-linux-gnu/11/../../../x86_64-linux-gnu -L/usr/lib/gcc/x86_64-linux-gnu/11/../../../../lib -L/lib/x86_64-linux-gnu -L/lib/../lib -L/usr/lib/x86_64-linux-gnu -L/usr/lib/../lib -L/usr/lib/gcc/x86_64-linux-gnu/11/../../.. /tmp/ccG2ovRj.o -lmpi_usempif08 -lmpi_usempi_ignore_tkr -lmpi_mpifh -lmpi -lopen-rte -lopen-pal -lhwloc -levent_core -levent_pthreads -lgfortran -lm -lz -lgfortran -lm -lgcc_s -lgcc -lquadmath -lm -lgcc_s -lgcc -lc -lgcc_s -lgcc /usr/lib/gcc/x86_64-linux-gnu/11/crtendS.o /usr/lib/gcc/x86_64-linux-gnu/11/../../../x86_64-linux-gnu/crtn.o
configure:8528: result: -v
configure:8530: checking for Fortran 77 libraries of mpif77
configure:8553: mpif77 -o conftest -g -O2 -v conftest.f
Using built-in specs.
Target: x86_64-linux-gnu
Thread model: posix
Supported LTO compression algorithms: zlib zstd
gcc version 11.3.0 (Ubuntu 11.3.0-1ubuntu1~22.04.1) 
 /usr/lib/gcc/x86_64-linux-gnu/11/f951 conftest.f -ffixed-form -I /usr/lib/x86_64-linux-gnu/openmpi/lib/../../fortran/gfortran-mod-15/openmpi -I /usr/lib/x86_64-linux-gnu/openmpi/lib -quiet -dumpbase conftest.f -dumpbase-ext .f -mtune=generic -march=x86-64 -g -O2 -version -fintrinsic-modules-path /usr/lib/gcc/x86_64-linux-gnu/11/finclude -fpre-include=/usr/include/finclude/math-vector-fortran.h -o /tmp/ccB8rA7R.s
GNU Fortran (Ubuntu 11.3.0-1ubuntu1~22.04.1) version 11.3.0 (x86_64-linux-gnu)
	compiled by GNU C version 11.3.0, GMP version 6.2.1, MPFR version 4.1.0, MPC version 1.2.1, isl version isl-0.24-GMP

GGC heuristics: --param ggc-min-expand=100 --param ggc-min-heapsize=131072
GNU Fortran2008 (Ubuntu 11.3.0-1ubuntu1~22.04.1) version 11.3.0 (x86_64-linux-gnu)
	compiled by GNU C version 11.3.0, GMP version 6.2.1, MPFR version 4.1.0, MPC version 1.2.1, isl version isl-0.24-GMP

GGC heuristics: --param ggc-min-expand=100 --param ggc-min-heapsize=131072
 as -v -I /usr/lib/x86_64-linux-gnu/openmpi/lib/../../fortran/gfortran-mod-15/openmpi -I /usr/lib/x86_64-linux-gnu/openmpi/lib --gdwarf-5 --64 -o /tmp/cchBLPtq.o /tmp/ccB8rA7R.s
GNU assembler version 2.38 (x86_64-linux-gnu) using BFD version (GNU Binutils for Ubuntu) 2.38
Reading specs from /usr/lib/gcc/x86_64-linux-gnu/11/libgfortran.spec
rename spec lib to liborig
 /usr/lib/gcc/x86_64-linux-gnu/11/collect2 -plugin /usr/lib/gcc/x86_64-linux-gnu/11/liblto_plugin.so -plugin-opt=/usr/lib/gcc/x86_64-linux-gnu/11/lto-wrapper -plugin-opt=-fresolution=/tmp/ccDmvCgd.res -plugin-opt=-pass-through=-lgcc_s -plugin-opt=-pass-through=-lgcc -plugin-opt=-pass-through=-lquadmath -plugin-opt=-pass-through=-lm -plugin-opt=-pass-through=-lgcc_s -plugin-opt=-pass-through=-lgcc -plugin-opt=-pass-through=-lc -plugin-opt=-pass-through=-lgcc_s -plugin-opt=-pass-through=-lgcc --build-id --eh-frame-hdr -m elf_x86_64 --hash-style=gnu --as-needed -dynamic-linker /lib64/ld-linux-x86-64.so.2 -pie -z now -z relro -o conftest /usr/lib/gcc/x86_64-linux-gnu/11/../../../x86_64-linux-gnu/Scrt1.o /usr/lib/gcc/x86_64-linux-gnu/11/../../../x86_64-linux-gnu/crti.o /usr/lib/gcc/x86_64-linux-gnu/11/crtbeginS.o -L/usr/lib/x86_64-linux-gnu/openmpi/lib/fortran/gfortran -L/usr/lib/gcc/x86_64-linux-gnu/11 -L/usr/lib/gcc/x86_64-linux-gnu/11/../../../x86_64-linux-gnu -L/usr/lib/gcc/x86_64-linux-gnu/11/../../../../lib -L/lib/x86_64-linux-gnu -L/lib/../lib -L/usr/lib/x86_64-linux-gnu -L/usr/lib/../lib -L/usr/lib/gcc/x86_64-linux-gnu/11/../../.. /tmp/cchBLPtq.o -lmpi_usempif08 -lmpi_usempi_ignore_tkr -lmpi_mpifh -lmpi -lopen-rte -lopen-pal -lhwloc -levent_core -levent_pthreads -lgfortran -lm -lz -lgfortran -lm -lgcc_s -lgcc -lquadmath -lm -lgcc_s -lgcc -lc -lgcc_s -lgcc /usr/lib/gcc/x86_64-linux-gnu/11/crtendS.o /usr/lib/gcc/x86_64-linux-gnu/11/../../../x86_64-linux-gnu/crtn.o
configure:8749: result:  -L/usr/lib/x86_64-linux-gnu/openmpi/lib/fortran/gfortran -L/usr/lib/gcc/x86_64-linux-gnu/11 -L/usr/lib/gcc/x86_64-linux-gnu/11/../../../x86_64-linux-gnu -L/usr/lib/gcc/x86_64-linux-gnu/11/../../../../lib -L/lib/x86_64-linux-gnu -L/lib/../lib -L/usr/lib/x86_64-linux-gnu -L/usr/lib/../lib -L/usr/lib/gcc/x86_64-linux-gnu/11/../../.. -lmpi_usempif08 -lmpi_usempi_ignore_tkr -lmpi_mpifh -lmpi -lopen-rte -lopen-pal -lhwloc -levent_core -levent_pthreads -lgfortran -lm -lz -lquadmath
configure:8765: checking for dummy main to link with Fortran 77 libraries
configure:8799: mpicc -o conftest -g -O2   conftest.c   -L/usr/lib/x86_64-linux-gnu/openmpi/lib/fortran/gfortran -L/usr/lib/gcc/x86_64-linux-gnu/11 -L/usr/lib/gcc/x86_64-linux-gnu/11/../../../x86_64-linux-gnu -L/usr/lib/gcc/x86_64-linux-gnu/11/../../../../lib -L/lib/x86_64-linux-gnu -L/lib/../lib -L/usr/lib/x86_64-linux-gnu -L/usr/lib/../lib -L/usr/lib/gcc/x86_64-linux-gnu/11/../../.. -lmpi_usempif08 -lmpi_usempi_ignore_tkr -lmpi_mpifh -lmpi -lopen-rte -lopen-pal -lhwloc -levent_core -levent_pthreads -lgfortran -lm -lz -lquadmath >&5
configure:8799: $? = 0
configure:8844: result: none
configure:8877: checking for Fortran 77 name-mangling scheme
configure:8890: mpif77 -c -g -O2 conftest.f >&5
configure:8890: $? = 0
configure:8931: mpicc -o conftest -g -O2   conftest.c cfortran_test.o   -L/usr/lib/x86_64-linux-gnu/openmpi/lib/fortran/gfortran -L/usr/lib/gcc/x86_64-linux-gnu/11 -L/usr/lib/gcc/x86_64-linux-gnu/11/../../../x86_64-linux-gnu -L/usr/lib/gcc/x86_64-linux-gnu/11/../../../../lib -L/lib/x86_64-linux-gnu -L/lib/../lib -L/usr/lib/x86_64-linux-gnu -L/usr/lib/../lib -L/usr/lib/gcc/x86_64-linux-gnu/11/../../.. -lmpi_usempif08 -lmpi_usempi_ignore_tkr -lmpi_mpifh -lmpi -lopen-rte -lopen-pal -lhwloc -levent_core -levent_pthreads -lgfortran -lm -lz -lquadmath >&5
/usr/bin/ld: /tmp/ccXzbodw.o: in function `main':
/home/tomsail/apps/telemac-mascaret/optionals/med-4.0.0/conftest.c:52: undefined reference to `foobar'
collect2: error: ld returned 1 exit status
configure:8931: $? = 1
configure: failed program was:
| /* confdefs.h */
| #define PACKAGE_NAME "MED Fichier"
| #define PACKAGE_TARNAME "med"
| #define PACKAGE_VERSION "4.0.0"
| #define PACKAGE_STRING "MED Fichier 4.0.0"
| #define PACKAGE_BUGREPORT "eric.fayolle@edf.fr"
| #define PACKAGE_URL ""
| #define PACKAGE "med"
| #define VERSION "4.0.0"
| #define HAVE_MPI 1
| #define MED_HAVE_FORTRAN 1
| #define STDC_HEADERS 1
| #define HAVE_SYS_TYPES_H 1
| #define HAVE_SYS_STAT_H 1
| #define HAVE_STDLIB_H 1
| #define HAVE_STRING_H 1
| #define HAVE_MEMORY_H 1
| #define HAVE_STRINGS_H 1
| #define HAVE_INTTYPES_H 1
| #define HAVE_STDINT_H 1
| #define HAVE_UNISTD_H 1
| #define HAVE_H5PUBLIC_H 1
| #define ABSOLUTE_H5PUBLIC_H "///home/tomsail/apps/telemac-mascaret/optionals/hdf5-1.10.3/include/H5public.h"
| #define HAVE_H5IPUBLIC_H 1
| #define ABSOLUTE_H5IPUBLIC_H "///home/tomsail/apps/telemac-mascaret/optionals/hdf5-1.10.3/include/H5Ipublic.h"
| #define HAVE_LIBHDF5 1
| #define HAVE_H5PSET_FAPL_MPIO 1
| #define MESGERR 1
| #define MED_CHECK_23FORMAT 1
| #define HAVE_CC_C99 1
| #define HAVE_MPI 1
| /* end confdefs.h.  */
| 
| /* Override any GCC internal prototype to avoid an error.
|    Use char because int might match the return type of a GCC
|    builtin and then its argument prototype would still apply.  */
| #ifdef __cplusplus
| extern "C"
| #endif
| char foobar ();
| #ifdef F77_DUMMY_MAIN
| 
| #  ifdef __cplusplus
|      extern "C"
| #  endif
|    int F77_DUMMY_MAIN() { return 1; }
| 
| #endif
| int
| main ()
| {
| return foobar ();
|   ;
|   return 0;
| }
configure:8931: mpicc -o conftest -g -O2   conftest.c cfortran_test.o   -L/usr/lib/x86_64-linux-gnu/openmpi/lib/fortran/gfortran -L/usr/lib/gcc/x86_64-linux-gnu/11 -L/usr/lib/gcc/x86_64-linux-gnu/11/../../../x86_64-linux-gnu -L/usr/lib/gcc/x86_64-linux-gnu/11/../../../../lib -L/lib/x86_64-linux-gnu -L/lib/../lib -L/usr/lib/x86_64-linux-gnu -L/usr/lib/../lib -L/usr/lib/gcc/x86_64-linux-gnu/11/../../.. -lmpi_usempif08 -lmpi_usempi_ignore_tkr -lmpi_mpifh -lmpi -lopen-rte -lopen-pal -lhwloc -levent_core -levent_pthreads -lgfortran -lm -lz -lquadmath >&5
configure:8931: $? = 0
configure:8989: mpicc -o conftest -g -O2   conftest.c cfortran_test.o   -L/usr/lib/x86_64-linux-gnu/openmpi/lib/fortran/gfortran -L/usr/lib/gcc/x86_64-linux-gnu/11 -L/usr/lib/gcc/x86_64-linux-gnu/11/../../../x86_64-linux-gnu -L/usr/lib/gcc/x86_64-linux-gnu/11/../../../../lib -L/lib/x86_64-linux-gnu -L/lib/../lib -L/usr/lib/x86_64-linux-gnu -L/usr/lib/../lib -L/usr/lib/gcc/x86_64-linux-gnu/11/../../.. -lmpi_usempif08 -lmpi_usempi_ignore_tkr -lmpi_mpifh -lmpi -lopen-rte -lopen-pal -lhwloc -levent_core -levent_pthreads -lgfortran -lm -lz -lquadmath >&5
configure:8989: $? = 0
configure:9031: result: lower case, underscore, no extra underscore
configure:9101: checking how to get verbose linking output from mpif77
configure:9212: result: -v
configure:9214: checking for Fortran 77 libraries of mpif77
configure:9433: result:  -L/usr/lib/x86_64-linux-gnu/openmpi/lib/fortran/gfortran -L/usr/lib/gcc/x86_64-linux-gnu/11 -L/usr/lib/gcc/x86_64-linux-gnu/11/../../../x86_64-linux-gnu -L/usr/lib/gcc/x86_64-linux-gnu/11/../../../../lib -L/lib/x86_64-linux-gnu -L/lib/../lib -L/usr/lib/x86_64-linux-gnu -L/usr/lib/../lib -L/usr/lib/gcc/x86_64-linux-gnu/11/../../.. -lmpi_usempif08 -lmpi_usempi_ignore_tkr -lmpi_mpifh -lmpi -lopen-rte -lopen-pal -lhwloc -levent_core -levent_pthreads -lgfortran -lm -lz -lquadmath
configure:9473: checking size of hid_t
configure:9478: mpicc -o conftest -g -O2 -I/home/tomsail/apps/telemac-mascaret/optionals/hdf5-1.10.3/include    conftest.c  >&5
configure:9478: $? = 0
configure:9478: ./conftest
configure:9478: $? = 0
configure:9493: result: 8
configure:9511: checking size of Fortran integer*8
configure:9533: mpif77 -c -g -O2 conftest.f >&5
configure:9533: $? = 0
configure:9575: mpicc -o conftest -g -O2  conftestf.o  conftest.c  >&5
configure:9575: $? = 0
configure:9575: ./conftest
configure:9575: $? = 0
configure:9596: result: 8
configure:9758: checking size of Fortran integer
configure:9780: mpif77 -c -g -O2 conftest.f >&5
configure:9780: $? = 0
configure:9822: mpicc -o conftest -g -O2  conftestf.o  conftest.c  >&5
configure:9822: $? = 0
configure:9822: ./conftest
configure:9822: $? = 0
configure:9843: result: 4
configure:9930: checking size of int
configure:9935: mpicc -o conftest -g -O2   conftest.c  >&5
configure:9935: $? = 0
configure:9935: ./conftest
configure:9935: $? = 0
configure:9949: result: 4
configure:9966: checking size of long
configure:9971: mpicc -o conftest -g -O2   conftest.c  >&5
configure:9971: $? = 0
configure:9971: ./conftest
configure:9971: $? = 0
configure:9985: result: 8
configure:10021: checking whether to compile using MPI
configure:10028: result: yes
configure:10084: checking for mpic++
configure:10100: found /usr/bin/mpic++
configure:10111: result: mpic++
configure:10252: checking for C++ compiler version
configure:10261: mpic++ --version >&5
g++ (Ubuntu 11.3.0-1ubuntu1~22.04.1) 11.3.0
Copyright (C) 2021 Free Software Foundation, Inc.
This is free software; see the source for copying conditions.  There is NO
warranty; not even for MERCHANTABILITY or FITNESS FOR A PARTICULAR PURPOSE.

configure:10272: $? = 0
configure:10261: mpic++ -v >&5
Using built-in specs.
COLLECT_GCC=/usr/bin/g++
COLLECT_LTO_WRAPPER=/usr/lib/gcc/x86_64-linux-gnu/11/lto-wrapper
OFFLOAD_TARGET_NAMES=nvptx-none:amdgcn-amdhsa
OFFLOAD_TARGET_DEFAULT=1
Target: x86_64-linux-gnu
Configured with: ../src/configure -v --with-pkgversion='Ubuntu 11.3.0-1ubuntu1~22.04.1' --with-bugurl=file:///usr/share/doc/gcc-11/README.Bugs --enable-languages=c,ada,c++,go,brig,d,fortran,objc,obj-c++,m2 --prefix=/usr --with-gcc-major-version-only --program-suffix=-11 --program-prefix=x86_64-linux-gnu- --enable-shared --enable-linker-build-id --libexecdir=/usr/lib --without-included-gettext --enable-threads=posix --libdir=/usr/lib --enable-nls --enable-bootstrap --enable-clocale=gnu --enable-libstdcxx-debug --enable-libstdcxx-time=yes --with-default-libstdcxx-abi=new --enable-gnu-unique-object --disable-vtable-verify --enable-plugin --enable-default-pie --with-system-zlib --enable-libphobos-checking=release --with-target-system-zlib=auto --enable-objc-gc=auto --enable-multiarch --disable-werror --enable-cet --with-arch-32=i686 --with-abi=m64 --with-multilib-list=m32,m64,mx32 --enable-multilib --with-tune=generic --enable-offload-targets=nvptx-none=/build/gcc-11-aYxV0E/gcc-11-11.3.0/debian/tmp-nvptx/usr,amdgcn-amdhsa=/build/gcc-11-aYxV0E/gcc-11-11.3.0/debian/tmp-gcn/usr --without-cuda-driver --enable-checking=release --build=x86_64-linux-gnu --host=x86_64-linux-gnu --target=x86_64-linux-gnu --with-build-config=bootstrap-lto-lean --enable-link-serialization=2
Thread model: posix
Supported LTO compression algorithms: zlib zstd
gcc version 11.3.0 (Ubuntu 11.3.0-1ubuntu1~22.04.1) 
... rest of stderr output deleted ...
configure:10272: $? = 0
configure:10261: mpic++ -V >&5
g++: error: unrecognized command-line option '-V'
g++: fatal error: no input files
compilation terminated.
configure:10272: $? = 1
configure:10261: mpic++ -qversion >&5
g++: error: unrecognized command-line option '-qversion'; did you mean '--version'?
g++: fatal error: no input files
compilation terminated.
configure:10272: $? = 1
configure:10276: checking whether we are using the GNU C++ compiler
configure:10303: mpic++ -c   conftest.cpp >&5
configure:10303: $? = 0
configure:10312: result: yes
configure:10321: checking whether mpic++ accepts -g
configure:10349: mpic++ -c -g  conftest.cpp >&5
configure:10349: $? = 0
configure:10406: result: yes
configure:10431: checking dependency style of mpic++
configure:10542: result: gcc3
configure:10588: checking for function MPI::Init
configure:10619: mpic++ -o conftest -g -O2   conftest.cpp  >&5
configure:10619: $? = 0
configure:10626: result: yes
configure:10637: checking for mpi.h
configure:10658: mpic++ -c -g -O2  conftest.cpp >&5
configure:10658: $? = 0
configure:10659: result: yes
configure:10738: checking for mpic++
configure:10754: found /usr/bin/mpic++
configure:10766: result: yes
configure:10794: The complete 2.3.6 API is provided.
configure:11167: checking how to print strings
configure:11194: result: printf
configure:11215: checking for a sed that does not truncate output
configure:11279: result: /usr/bin/sed
configure:11297: checking for fgrep
configure:11359: result: /usr/bin/grep -F
configure:11394: checking for ld used by mpicc
configure:11461: result: /usr/bin/ld
configure:11468: checking if the linker (/usr/bin/ld) is GNU ld
configure:11483: result: yes
configure:11495: checking for BSD- or MS-compatible name lister (nm)
configure:11549: result: /usr/bin/nm -B
configure:11679: checking the name lister (/usr/bin/nm -B) interface
configure:11686: mpicc -c -g -O2  conftest.c >&5
configure:11689: /usr/bin/nm -B "conftest.o"
configure:11692: output
0000000000000000 B some_variable
configure:11699: result: BSD nm
configure:11702: checking whether ln -s works
configure:11706: result: yes
configure:11714: checking the maximum length of command line arguments
configure:11845: result: 1572864
configure:11893: checking how to convert x86_64-unknown-linux-gnu file names to x86_64-unknown-linux-gnu format
configure:11933: result: func_convert_file_noop
configure:11940: checking how to convert x86_64-unknown-linux-gnu file names to toolchain format
configure:11960: result: func_convert_file_noop
configure:11967: checking for /usr/bin/ld option to reload object files
configure:11974: result: -r
configure:12048: checking for objdump
configure:12075: result: objdump
configure:12104: checking how to recognize dependent libraries
configure:12304: result: pass_all
configure:12389: checking for dlltool
configure:12416: result: dlltool
configure:12446: checking how to associate runtime and link libraries
configure:12473: result: printf %s\n
configure:12533: checking for ar
configure:12549: found /usr/bin/ar
configure:12560: result: ar
configure:12597: checking for archiver @FILE support
configure:12622: mpicc -c -g -O2  conftest.c >&5
configure:12622: $? = 0
configure:12625: ar cru libconftest.a @conftest.lst >&5
ar: `u' modifier ignored since `D' is the default (see `U')
configure:12628: $? = 0
configure:12633: ar cru libconftest.a @conftest.lst >&5
ar: `u' modifier ignored since `D' is the default (see `U')
ar: conftest.o: No such file or directory
configure:12636: $? = 1
configure:12648: result: @
configure:12706: checking for strip
configure:12722: found /usr/bin/strip
configure:12733: result: strip
configure:12805: checking for ranlib
configure:12821: found /usr/bin/ranlib
configure:12832: result: ranlib
configure:12934: checking command to parse /usr/bin/nm -B output from mpicc object
configure:13087: mpicc -c -g -O2  conftest.c >&5
configure:13090: $? = 0
configure:13094: /usr/bin/nm -B conftest.o \| sed -n -e 's/^.*[ ]\([ABCDGIRSTW][ABCDGIRSTW]*\)[ ][ ]*\([_A-Za-z][_A-Za-z0-9]*\)$/\1 \2 \2/p' | sed '/ __gnu_lto/d' \> conftest.nm
configure:13097: $? = 0
configure:13163: mpicc -o conftest -g -O2   conftest.c conftstm.o >&5
configure:13166: $? = 0
configure:13204: result: ok
configure:13251: checking for sysroot
configure:13281: result: no
configure:13288: checking for a working dd
configure:13326: result: /usr/bin/dd
configure:13330: checking how to truncate binary pipes
configure:13345: result: /usr/bin/dd bs=4096 count=1
configure:13481: mpicc -c -g -O2  conftest.c >&5
configure:13484: $? = 0
configure:13682: checking for mt
configure:13698: found /usr/bin/mt
configure:13709: result: mt
configure:13732: checking if mt is a manifest tool
configure:13738: mt '-?'
configure:13746: result: no
configure:14428: checking for dlfcn.h
configure:14428: mpicc -c -g -O2  conftest.c >&5
configure:14428: $? = 0
configure:14428: result: yes
configure:14692: checking for objdir
configure:14707: result: .libs
configure:14971: checking if mpicc supports -fno-rtti -fno-exceptions
configure:14989: mpicc -c -g -O2  -fno-rtti -fno-exceptions conftest.c >&5
cc1: warning: command-line option '-fno-rtti' is valid for C++/D/ObjC++ but not for C
configure:14993: $? = 0
configure:15006: result: no
configure:15364: checking for mpicc option to produce PIC
configure:15371: result: -fPIC -DPIC
configure:15379: checking if mpicc PIC flag -fPIC -DPIC works
configure:15397: mpicc -c -g -O2  -fPIC -DPIC -DPIC conftest.c >&5
configure:15401: $? = 0
configure:15414: result: yes
configure:15443: checking if mpicc static flag -static works
configure:15471: result: no
configure:15486: checking if mpicc supports -c -o file.o
configure:15507: mpicc -c -g -O2  -o out/conftest2.o conftest.c >&5
configure:15511: $? = 0
configure:15533: result: yes
configure:15541: checking if mpicc supports -c -o file.o
configure:15588: result: yes
configure:15621: checking whether the mpicc linker (/usr/bin/ld -m elf_x86_64) supports shared libraries
configure:16896: result: yes
configure:16933: checking whether -lc should be explicitly linked in
configure:16941: mpicc -c -g -O2  conftest.c >&5
configure:16944: $? = 0
configure:16959: mpicc -shared  -fPIC -DPIC conftest.o  -v -Wl,-soname -Wl,conftest -o conftest 2\>\&1 \| /usr/bin/grep  -lc  \>/dev/null 2\>\&1
configure:16962: $? = 0
configure:16976: result: no
configure:17136: checking dynamic linker characteristics
configure:17727: mpicc -o conftest -g -O2   -Wl,-rpath -Wl,/foo conftest.c  >&5
configure:17727: $? = 0
configure:17964: result: GNU/Linux ld.so
configure:18086: checking how to hardcode library paths into programs
configure:18111: result: immediate
configure:18699: checking whether stripping libraries is possible
configure:18704: result: yes
configure:18739: checking if libtool supports shared libraries
configure:18741: result: yes
configure:18744: checking whether to build shared libraries
configure:18769: result: yes
configure:18772: checking whether to build static libraries
configure:18776: result: yes
configure:18799: checking how to run the C++ preprocessor
configure:18826: mpic++ -E  conftest.cpp
configure:18826: $? = 0
configure:18840: mpic++ -E  conftest.cpp
conftest.cpp:45:10: fatal error: ac_nonexistent.h: No such file or directory
   45 | #include <ac_nonexistent.h>
      |          ^~~~~~~~~~~~~~~~~~
compilation terminated.
configure:18840: $? = 1
configure: failed program was:
| /* confdefs.h */
| #define PACKAGE_NAME "MED Fichier"
| #define PACKAGE_TARNAME "med"
| #define PACKAGE_VERSION "4.0.0"
| #define PACKAGE_STRING "MED Fichier 4.0.0"
| #define PACKAGE_BUGREPORT "eric.fayolle@edf.fr"
| #define PACKAGE_URL ""
| #define PACKAGE "med"
| #define VERSION "4.0.0"
| #define HAVE_MPI 1
| #define MED_HAVE_FORTRAN 1
| #define STDC_HEADERS 1
| #define HAVE_SYS_TYPES_H 1
| #define HAVE_SYS_STAT_H 1
| #define HAVE_STDLIB_H 1
| #define HAVE_STRING_H 1
| #define HAVE_MEMORY_H 1
| #define HAVE_STRINGS_H 1
| #define HAVE_INTTYPES_H 1
| #define HAVE_STDINT_H 1
| #define HAVE_UNISTD_H 1
| #define HAVE_H5PUBLIC_H 1
| #define ABSOLUTE_H5PUBLIC_H "///home/tomsail/apps/telemac-mascaret/optionals/hdf5-1.10.3/include/H5public.h"
| #define HAVE_H5IPUBLIC_H 1
| #define ABSOLUTE_H5IPUBLIC_H "///home/tomsail/apps/telemac-mascaret/optionals/hdf5-1.10.3/include/H5Ipublic.h"
| #define HAVE_LIBHDF5 1
| #define HAVE_H5PSET_FAPL_MPIO 1
| #define MESGERR 1
| #define MED_CHECK_23FORMAT 1
| #define HAVE_CC_C99 1
| #define HAVE_MPI 1
| #define F77_FUNC(name,NAME) name ## _
| #define F77_FUNC_(name,NAME) name ## _
| #define SIZEOF_HID_T 8
| #define HAVE_F77HIDT64 /**/
| #define SIZEOF_FORTRAN_INTEGERp8 8
| #define SIZEOF_FORTRAN_INTEGER 4
| #define SIZEOF_INT 4
| #define SIZEOF_LONG 8
| #define HAVE_MPI 1
| #define MED_API_23 1
| #define HAVE_DLFCN_H 1
| #define LT_OBJDIR ".libs/"
| /* end confdefs.h.  */
| #include <ac_nonexistent.h>
configure:18865: result: mpic++ -E
configure:18885: mpic++ -E  conftest.cpp
configure:18885: $? = 0
configure:18899: mpic++ -E  conftest.cpp
conftest.cpp:45:10: fatal error: ac_nonexistent.h: No such file or directory
   45 | #include <ac_nonexistent.h>
      |          ^~~~~~~~~~~~~~~~~~
compilation terminated.
configure:18899: $? = 1
configure: failed program was:
| /* confdefs.h */
| #define PACKAGE_NAME "MED Fichier"
| #define PACKAGE_TARNAME "med"
| #define PACKAGE_VERSION "4.0.0"
| #define PACKAGE_STRING "MED Fichier 4.0.0"
| #define PACKAGE_BUGREPORT "eric.fayolle@edf.fr"
| #define PACKAGE_URL ""
| #define PACKAGE "med"
| #define VERSION "4.0.0"
| #define HAVE_MPI 1
| #define MED_HAVE_FORTRAN 1
| #define STDC_HEADERS 1
| #define HAVE_SYS_TYPES_H 1
| #define HAVE_SYS_STAT_H 1
| #define HAVE_STDLIB_H 1
| #define HAVE_STRING_H 1
| #define HAVE_MEMORY_H 1
| #define HAVE_STRINGS_H 1
| #define HAVE_INTTYPES_H 1
| #define HAVE_STDINT_H 1
| #define HAVE_UNISTD_H 1
| #define HAVE_H5PUBLIC_H 1
| #define ABSOLUTE_H5PUBLIC_H "///home/tomsail/apps/telemac-mascaret/optionals/hdf5-1.10.3/include/H5public.h"
| #define HAVE_H5IPUBLIC_H 1
| #define ABSOLUTE_H5IPUBLIC_H "///home/tomsail/apps/telemac-mascaret/optionals/hdf5-1.10.3/include/H5Ipublic.h"
| #define HAVE_LIBHDF5 1
| #define HAVE_H5PSET_FAPL_MPIO 1
| #define MESGERR 1
| #define MED_CHECK_23FORMAT 1
| #define HAVE_CC_C99 1
| #define HAVE_MPI 1
| #define F77_FUNC(name,NAME) name ## _
| #define F77_FUNC_(name,NAME) name ## _
| #define SIZEOF_HID_T 8
| #define HAVE_F77HIDT64 /**/
| #define SIZEOF_FORTRAN_INTEGERp8 8
| #define SIZEOF_FORTRAN_INTEGER 4
| #define SIZEOF_INT 4
| #define SIZEOF_LONG 8
| #define HAVE_MPI 1
| #define MED_API_23 1
| #define HAVE_DLFCN_H 1
| #define LT_OBJDIR ".libs/"
| /* end confdefs.h.  */
| #include <ac_nonexistent.h>
configure:19061: checking for ld used by mpic++
configure:19128: result: /usr/bin/ld -m elf_x86_64
configure:19135: checking if the linker (/usr/bin/ld -m elf_x86_64) is GNU ld
configure:19150: result: yes
configure:19205: checking whether the mpic++ linker (/usr/bin/ld -m elf_x86_64) supports shared libraries
configure:20294: result: yes
configure:20330: mpic++ -c -g -O2  conftest.cpp >&5
configure:20333: $? = 0
configure:20814: checking for mpic++ option to produce PIC
configure:20821: result: -fPIC -DPIC
configure:20829: checking if mpic++ PIC flag -fPIC -DPIC works
configure:20847: mpic++ -c -g -O2  -fPIC -DPIC -DPIC conftest.cpp >&5
configure:20851: $? = 0
configure:20864: result: yes
configure:20887: checking if mpic++ static flag -static works
configure:20915: result: no
configure:20927: checking if mpic++ supports -c -o file.o
configure:20948: mpic++ -c -g -O2  -o out/conftest2.o conftest.cpp >&5
configure:20952: $? = 0
configure:20974: result: yes
configure:20979: checking if mpic++ supports -c -o file.o
configure:21026: result: yes
configure:21056: checking whether the mpic++ linker (/usr/bin/ld -m elf_x86_64) supports shared libraries
configure:21096: result: yes
configure:21237: checking dynamic linker characteristics
configure:21992: result: GNU/Linux ld.so
configure:22057: checking how to hardcode library paths into programs
configure:22082: result: immediate
configure:22223: checking if libtool supports shared libraries
configure:22225: result: yes
configure:22228: checking whether to build shared libraries
configure:22252: result: yes
configure:22255: checking whether to build static libraries
configure:22259: result: yes
configure:22611: checking for mpif77 option to produce PIC
configure:22618: result: -fPIC
configure:22626: checking if mpif77 PIC flag -fPIC works
configure:22644: mpif77 -c -g -O2 -fPIC conftest.f >&5
configure:22648: $? = 0
configure:22661: result: yes
configure:22684: checking if mpif77 static flag -static works
configure:22712: result: no
configure:22724: checking if mpif77 supports -c -o file.o
configure:22745: mpif77 -c -g -O2 -o out/conftest2.o conftest.f >&5
configure:22749: $? = 0
configure:22771: result: yes
configure:22776: checking if mpif77 supports -c -o file.o
configure:22823: result: yes
configure:22853: checking whether the mpif77 linker (/usr/bin/ld -m elf_x86_64) supports shared libraries
configure:24062: result: yes
configure:24203: checking dynamic linker characteristics
configure:24944: result: GNU/Linux ld.so
configure:25009: checking how to hardcode library paths into programs
configure:25034: result: immediate
configure:28182: checking for diff
configure:28198: found /usr/bin/diff
configure:28210: result: yes
configure:28226: checking for sed
configure:28254: result: /usr/bin/sed
configure:28272: checking for gawk
configure:28299: result: mawk
configure:28315: checking whether ln -s works
configure:28319: result: yes
configure:28330: checking for cp
configure:28348: found /usr/bin/cp
configure:28360: result: /usr/bin/cp
configure:28379: checking for wish
configure:28397: found /usr/bin/wish
configure:28409: result: /usr/bin/wish
configure:28426: checking for ANSI C header files
configure:28538: result: yes
configure:28546: checking whether time.h and sys/time.h may both be included
configure:28574: mpicc -c -g -O2  conftest.c >&5
configure:28574: $? = 0
configure:28581: result: yes
configure:28592: checking malloc.h usability
configure:28592: mpicc -c -g -O2  conftest.c >&5
configure:28592: $? = 0
configure:28592: result: yes
configure:28592: checking malloc.h presence
configure:28592: mpicc -E  conftest.c
configure:28592: $? = 0
configure:28592: result: yes
configure:28592: checking for malloc.h
configure:28592: result: yes
configure:28592: checking sys/time.h usability
configure:28592: mpicc -c -g -O2  conftest.c >&5
configure:28592: $? = 0
configure:28592: result: yes
configure:28592: checking sys/time.h presence
configure:28592: mpicc -E  conftest.c
configure:28592: $? = 0
configure:28592: result: yes
configure:28592: checking for sys/time.h
configure:28592: result: yes
configure:28592: checking sys/timeb.h usability
configure:28592: mpicc -c -g -O2  conftest.c >&5
configure:28592: $? = 0
configure:28592: result: yes
configure:28592: checking sys/timeb.h presence
configure:28592: mpicc -E  conftest.c
configure:28592: $? = 0
configure:28592: result: yes
configure:28592: checking for sys/timeb.h
configure:28592: result: yes
configure:28602: checking for stdbool.h that conforms to C99
configure:28677: mpicc -c -g -O2  conftest.c >&5
configure:28677: $? = 0
configure:28684: result: yes
configure:28686: checking for _Bool
configure:28686: mpicc -c -g -O2  conftest.c >&5
configure:28686: $? = 0
configure:28686: mpicc -c -g -O2  conftest.c >&5
conftest.c: In function 'main':
conftest.c:94:20: error: expected expression before ')' token
   94 | if (sizeof ((_Bool)))
      |                    ^
configure:28686: $? = 1
configure: failed program was:
| /* confdefs.h */
| #define PACKAGE_NAME "MED Fichier"
| #define PACKAGE_TARNAME "med"
| #define PACKAGE_VERSION "4.0.0"
| #define PACKAGE_STRING "MED Fichier 4.0.0"
| #define PACKAGE_BUGREPORT "eric.fayolle@edf.fr"
| #define PACKAGE_URL ""
| #define PACKAGE "med"
| #define VERSION "4.0.0"
| #define HAVE_MPI 1
| #define MED_HAVE_FORTRAN 1
| #define STDC_HEADERS 1
| #define HAVE_SYS_TYPES_H 1
| #define HAVE_SYS_STAT_H 1
| #define HAVE_STDLIB_H 1
| #define HAVE_STRING_H 1
| #define HAVE_MEMORY_H 1
| #define HAVE_STRINGS_H 1
| #define HAVE_INTTYPES_H 1
| #define HAVE_STDINT_H 1
| #define HAVE_UNISTD_H 1
| #define HAVE_H5PUBLIC_H 1
| #define ABSOLUTE_H5PUBLIC_H "///home/tomsail/apps/telemac-mascaret/optionals/hdf5-1.10.3/include/H5public.h"
| #define HAVE_H5IPUBLIC_H 1
| #define ABSOLUTE_H5IPUBLIC_H "///home/tomsail/apps/telemac-mascaret/optionals/hdf5-1.10.3/include/H5Ipublic.h"
| #define HAVE_LIBHDF5 1
| #define HAVE_H5PSET_FAPL_MPIO 1
| #define MESGERR 1
| #define MED_CHECK_23FORMAT 1
| #define HAVE_CC_C99 1
| #define HAVE_MPI 1
| #define F77_FUNC(name,NAME) name ## _
| #define F77_FUNC_(name,NAME) name ## _
| #define SIZEOF_HID_T 8
| #define HAVE_F77HIDT64 /**/
| #define SIZEOF_FORTRAN_INTEGERp8 8
| #define SIZEOF_FORTRAN_INTEGER 4
| #define SIZEOF_INT 4
| #define SIZEOF_LONG 8
| #define HAVE_MPI 1
| #define MED_API_23 1
| #define HAVE_DLFCN_H 1
| #define LT_OBJDIR ".libs/"
| #define STDC_HEADERS 1
| #define TIME_WITH_SYS_TIME 1
| #define HAVE_MALLOC_H 1
| #define HAVE_SYS_TIME_H 1
| #define HAVE_SYS_TIMEB_H 1
| /* end confdefs.h.  */
| #include <stdio.h>
| #ifdef HAVE_SYS_TYPES_H
| # include <sys/types.h>
| #endif
| #ifdef HAVE_SYS_STAT_H
| # include <sys/stat.h>
| #endif
| #ifdef STDC_HEADERS
| # include <stdlib.h>
| # include <stddef.h>
| #else
| # ifdef HAVE_STDLIB_H
| #  include <stdlib.h>
| # endif
| #endif
| #ifdef HAVE_STRING_H
| # if !defined STDC_HEADERS && defined HAVE_MEMORY_H
| #  include <memory.h>
| # endif
| # include <string.h>
| #endif
| #ifdef HAVE_STRINGS_H
| # include <strings.h>
| #endif
| #ifdef HAVE_INTTYPES_H
| # include <inttypes.h>
| #endif
| #ifdef HAVE_STDINT_H
| # include <stdint.h>
| #endif
| #ifdef HAVE_UNISTD_H
| # include <unistd.h>
| #endif
| #ifdef F77_DUMMY_MAIN
| 
| #  ifdef __cplusplus
|      extern "C"
| #  endif
|    int F77_DUMMY_MAIN() { return 1; }
| 
| #endif
| int
| main ()
| {
| if (sizeof ((_Bool)))
| 	    return 0;
|   ;
|   return 0;
| }
configure:28686: result: yes
configure:28706: checking for sys/types.h
configure:28706: result: yes
configure:28706: checking pwd.h usability
configure:28706: mpicc -c -g -O2  conftest.c >&5
configure:28706: $? = 0
configure:28706: result: yes
configure:28706: checking pwd.h presence
configure:28706: mpicc -E  conftest.c
configure:28706: $? = 0
configure:28706: result: yes
configure:28706: checking for pwd.h
configure:28706: result: yes
configure:28706: checking for unistd.h
configure:28706: result: yes
configure:28719: checking for getpwuid
configure:28719: mpicc -o conftest -g -O2   conftest.c  >&5
configure:28719: $? = 0
configure:28719: result: yes
configure:28719: checking for geteuid
configure:28719: mpicc -o conftest -g -O2   conftest.c  >&5
configure:28719: $? = 0
configure:28719: result: yes
configure:28719: checking for cuserid
configure:28719: mpicc -o conftest -g -O2   conftest.c  >&5
configure:28719: $? = 0
configure:28719: result: yes
configure:28730: checking for an ANSI C-conforming const
configure:28804: mpicc -c -g -O2  conftest.c >&5
configure:28804: $? = 0
configure:28811: result: yes
configure:28819: checking for size_t
configure:28819: mpicc -c -g -O2  conftest.c >&5
configure:28819: $? = 0
configure:28819: mpicc -c -g -O2  conftest.c >&5
conftest.c: In function 'main':
conftest.c:102:21: error: expected expression before ')' token
  102 | if (sizeof ((size_t)))
      |                     ^
configure:28819: $? = 1
configure: failed program was:
| /* confdefs.h */
| #define PACKAGE_NAME "MED Fichier"
| #define PACKAGE_TARNAME "med"
| #define PACKAGE_VERSION "4.0.0"
| #define PACKAGE_STRING "MED Fichier 4.0.0"
| #define PACKAGE_BUGREPORT "eric.fayolle@edf.fr"
| #define PACKAGE_URL ""
| #define PACKAGE "med"
| #define VERSION "4.0.0"
| #define HAVE_MPI 1
| #define MED_HAVE_FORTRAN 1
| #define STDC_HEADERS 1
| #define HAVE_SYS_TYPES_H 1
| #define HAVE_SYS_STAT_H 1
| #define HAVE_STDLIB_H 1
| #define HAVE_STRING_H 1
| #define HAVE_MEMORY_H 1
| #define HAVE_STRINGS_H 1
| #define HAVE_INTTYPES_H 1
| #define HAVE_STDINT_H 1
| #define HAVE_UNISTD_H 1
| #define HAVE_H5PUBLIC_H 1
| #define ABSOLUTE_H5PUBLIC_H "///home/tomsail/apps/telemac-mascaret/optionals/hdf5-1.10.3/include/H5public.h"
| #define HAVE_H5IPUBLIC_H 1
| #define ABSOLUTE_H5IPUBLIC_H "///home/tomsail/apps/telemac-mascaret/optionals/hdf5-1.10.3/include/H5Ipublic.h"
| #define HAVE_LIBHDF5 1
| #define HAVE_H5PSET_FAPL_MPIO 1
| #define MESGERR 1
| #define MED_CHECK_23FORMAT 1
| #define HAVE_CC_C99 1
| #define HAVE_MPI 1
| #define F77_FUNC(name,NAME) name ## _
| #define F77_FUNC_(name,NAME) name ## _
| #define SIZEOF_HID_T 8
| #define HAVE_F77HIDT64 /**/
| #define SIZEOF_FORTRAN_INTEGERp8 8
| #define SIZEOF_FORTRAN_INTEGER 4
| #define SIZEOF_INT 4
| #define SIZEOF_LONG 8
| #define HAVE_MPI 1
| #define MED_API_23 1
| #define HAVE_DLFCN_H 1
| #define LT_OBJDIR ".libs/"
| #define STDC_HEADERS 1
| #define TIME_WITH_SYS_TIME 1
| #define HAVE_MALLOC_H 1
| #define HAVE_SYS_TIME_H 1
| #define HAVE_SYS_TIMEB_H 1
| #define HAVE__BOOL 1
| #define HAVE_STDBOOL_H 1
| #define HAVE_SYS_TYPES_H 1
| #define HAVE_PWD_H 1
| #define HAVE_UNISTD_H 1
| #define HAVE_GETPWUID 1
| #define HAVE_GETEUID 1
| #define HAVE_CUSERID 1
| /* end confdefs.h.  */
| #include <stdio.h>
| #ifdef HAVE_SYS_TYPES_H
| # include <sys/types.h>
| #endif
| #ifdef HAVE_SYS_STAT_H
| # include <sys/stat.h>
| #endif
| #ifdef STDC_HEADERS
| # include <stdlib.h>
| # include <stddef.h>
| #else
| # ifdef HAVE_STDLIB_H
| #  include <stdlib.h>
| # endif
| #endif
| #ifdef HAVE_STRING_H
| # if !defined STDC_HEADERS && defined HAVE_MEMORY_H
| #  include <memory.h>
| # endif
| # include <string.h>
| #endif
| #ifdef HAVE_STRINGS_H
| # include <strings.h>
| #endif
| #ifdef HAVE_INTTYPES_H
| # include <inttypes.h>
| #endif
| #ifdef HAVE_STDINT_H
| # include <stdint.h>
| #endif
| #ifdef HAVE_UNISTD_H
| # include <unistd.h>
| #endif
| #ifdef F77_DUMMY_MAIN
| 
| #  ifdef __cplusplus
|      extern "C"
| #  endif
|    int F77_DUMMY_MAIN() { return 1; }
| 
| #endif
| int
| main ()
| {
| if (sizeof ((size_t)))
| 	    return 0;
|   ;
|   return 0;
| }
configure:28819: result: yes
configure:28852: checking for int64_t
configure:28852: mpicc -c -g -O2  conftest.c >&5
configure:28852: $? = 0
configure:28852: mpicc -c -g -O2  conftest.c >&5
conftest.c: In function 'main':
conftest.c:104:67: warning: integer overflow in expression of type 'long int' results in '-9223372036854775808' [-Woverflow]
  104 |                  < (int64_t) (((((int64_t) 1 << N) << N) - 1) * 2 + 2))];
      |                                                                   ^
conftest.c:103:12: error: storage size of 'test_array' isn't constant
  103 | static int test_array [1 - 2 * !((int64_t) (((((int64_t) 1 << N) << N) - 1) * 2 + 1)
      |            ^~~~~~~~~~
configure:28852: $? = 1
configure: failed program was:
| /* confdefs.h */
| #define PACKAGE_NAME "MED Fichier"
| #define PACKAGE_TARNAME "med"
| #define PACKAGE_VERSION "4.0.0"
| #define PACKAGE_STRING "MED Fichier 4.0.0"
| #define PACKAGE_BUGREPORT "eric.fayolle@edf.fr"
| #define PACKAGE_URL ""
| #define PACKAGE "med"
| #define VERSION "4.0.0"
| #define HAVE_MPI 1
| #define MED_HAVE_FORTRAN 1
| #define STDC_HEADERS 1
| #define HAVE_SYS_TYPES_H 1
| #define HAVE_SYS_STAT_H 1
| #define HAVE_STDLIB_H 1
| #define HAVE_STRING_H 1
| #define HAVE_MEMORY_H 1
| #define HAVE_STRINGS_H 1
| #define HAVE_INTTYPES_H 1
| #define HAVE_STDINT_H 1
| #define HAVE_UNISTD_H 1
| #define HAVE_H5PUBLIC_H 1
| #define ABSOLUTE_H5PUBLIC_H "///home/tomsail/apps/telemac-mascaret/optionals/hdf5-1.10.3/include/H5public.h"
| #define HAVE_H5IPUBLIC_H 1
| #define ABSOLUTE_H5IPUBLIC_H "///home/tomsail/apps/telemac-mascaret/optionals/hdf5-1.10.3/include/H5Ipublic.h"
| #define HAVE_LIBHDF5 1
| #define HAVE_H5PSET_FAPL_MPIO 1
| #define MESGERR 1
| #define MED_CHECK_23FORMAT 1
| #define HAVE_CC_C99 1
| #define HAVE_MPI 1
| #define F77_FUNC(name,NAME) name ## _
| #define F77_FUNC_(name,NAME) name ## _
| #define SIZEOF_HID_T 8
| #define HAVE_F77HIDT64 /**/
| #define SIZEOF_FORTRAN_INTEGERp8 8
| #define SIZEOF_FORTRAN_INTEGER 4
| #define SIZEOF_INT 4
| #define SIZEOF_LONG 8
| #define HAVE_MPI 1
| #define MED_API_23 1
| #define HAVE_DLFCN_H 1
| #define LT_OBJDIR ".libs/"
| #define STDC_HEADERS 1
| #define TIME_WITH_SYS_TIME 1
| #define HAVE_MALLOC_H 1
| #define HAVE_SYS_TIME_H 1
| #define HAVE_SYS_TIMEB_H 1
| #define HAVE__BOOL 1
| #define HAVE_STDBOOL_H 1
| #define HAVE_SYS_TYPES_H 1
| #define HAVE_PWD_H 1
| #define HAVE_UNISTD_H 1
| #define HAVE_GETPWUID 1
| #define HAVE_GETEUID 1
| #define HAVE_CUSERID 1
| /* end confdefs.h.  */
| #include <stdio.h>
| #ifdef HAVE_SYS_TYPES_H
| # include <sys/types.h>
| #endif
| #ifdef HAVE_SYS_STAT_H
| # include <sys/stat.h>
| #endif
| #ifdef STDC_HEADERS
| # include <stdlib.h>
| # include <stddef.h>
| #else
| # ifdef HAVE_STDLIB_H
| #  include <stdlib.h>
| # endif
| #endif
| #ifdef HAVE_STRING_H
| # if !defined STDC_HEADERS && defined HAVE_MEMORY_H
| #  include <memory.h>
| # endif
| # include <string.h>
| #endif
| #ifdef HAVE_STRINGS_H
| # include <strings.h>
| #endif
| #ifdef HAVE_INTTYPES_H
| # include <inttypes.h>
| #endif
| #ifdef HAVE_STDINT_H
| # include <stdint.h>
| #endif
| #ifdef HAVE_UNISTD_H
| # include <unistd.h>
| #endif
| 	        enum { N = 64 / 2 - 1 };
| #ifdef F77_DUMMY_MAIN
| 
| #  ifdef __cplusplus
|      extern "C"
| #  endif
|    int F77_DUMMY_MAIN() { return 1; }
| 
| #endif
| int
| main ()
| {
| static int test_array [1 - 2 * !((int64_t) (((((int64_t) 1 << N) << N) - 1) * 2 + 1)
| 		 < (int64_t) (((((int64_t) 1 << N) << N) - 1) * 2 + 2))];
| test_array [0] = 0;
| return test_array [0];
| 
|   ;
|   return 0;
| }
configure:28852: result: yes
configure:28892: checking size of long
configure:28911: result: 8
configure:28925: checking size of long long
configure:28930: mpicc -o conftest -g -O2   conftest.c  >&5
configure:28930: $? = 0
configure:28930: ./conftest
configure:28930: $? = 0
configure:28944: result: 8
configure:28966: checking for int32_t
configure:28966: mpicc -c -g -O2  conftest.c >&5
configure:28966: $? = 0
configure:28966: mpicc -c -g -O2  conftest.c >&5
conftest.c: In function 'main':
conftest.c:107:67: warning: integer overflow in expression of type 'int' results in '-2147483648' [-Woverflow]
  107 |                  < (int32_t) (((((int32_t) 1 << N) << N) - 1) * 2 + 2))];
      |                                                                   ^
conftest.c:106:12: error: storage size of 'test_array' isn't constant
  106 | static int test_array [1 - 2 * !((int32_t) (((((int32_t) 1 << N) << N) - 1) * 2 + 1)
      |            ^~~~~~~~~~
configure:28966: $? = 1
configure: failed program was:
| /* confdefs.h */
| #define PACKAGE_NAME "MED Fichier"
| #define PACKAGE_TARNAME "med"
| #define PACKAGE_VERSION "4.0.0"
| #define PACKAGE_STRING "MED Fichier 4.0.0"
| #define PACKAGE_BUGREPORT "eric.fayolle@edf.fr"
| #define PACKAGE_URL ""
| #define PACKAGE "med"
| #define VERSION "4.0.0"
| #define HAVE_MPI 1
| #define MED_HAVE_FORTRAN 1
| #define STDC_HEADERS 1
| #define HAVE_SYS_TYPES_H 1
| #define HAVE_SYS_STAT_H 1
| #define HAVE_STDLIB_H 1
| #define HAVE_STRING_H 1
| #define HAVE_MEMORY_H 1
| #define HAVE_STRINGS_H 1
| #define HAVE_INTTYPES_H 1
| #define HAVE_STDINT_H 1
| #define HAVE_UNISTD_H 1
| #define HAVE_H5PUBLIC_H 1
| #define ABSOLUTE_H5PUBLIC_H "///home/tomsail/apps/telemac-mascaret/optionals/hdf5-1.10.3/include/H5public.h"
| #define HAVE_H5IPUBLIC_H 1
| #define ABSOLUTE_H5IPUBLIC_H "///home/tomsail/apps/telemac-mascaret/optionals/hdf5-1.10.3/include/H5Ipublic.h"
| #define HAVE_LIBHDF5 1
| #define HAVE_H5PSET_FAPL_MPIO 1
| #define MESGERR 1
| #define MED_CHECK_23FORMAT 1
| #define HAVE_CC_C99 1
| #define HAVE_MPI 1
| #define F77_FUNC(name,NAME) name ## _
| #define F77_FUNC_(name,NAME) name ## _
| #define SIZEOF_HID_T 8
| #define HAVE_F77HIDT64 /**/
| #define SIZEOF_FORTRAN_INTEGERp8 8
| #define SIZEOF_FORTRAN_INTEGER 4
| #define SIZEOF_INT 4
| #define SIZEOF_LONG 8
| #define HAVE_MPI 1
| #define MED_API_23 1
| #define HAVE_DLFCN_H 1
| #define LT_OBJDIR ".libs/"
| #define STDC_HEADERS 1
| #define TIME_WITH_SYS_TIME 1
| #define HAVE_MALLOC_H 1
| #define HAVE_SYS_TIME_H 1
| #define HAVE_SYS_TIMEB_H 1
| #define HAVE__BOOL 1
| #define HAVE_STDBOOL_H 1
| #define HAVE_SYS_TYPES_H 1
| #define HAVE_PWD_H 1
| #define HAVE_UNISTD_H 1
| #define HAVE_GETPWUID 1
| #define HAVE_GETEUID 1
| #define HAVE_CUSERID 1
| #define SIZEOF_LONG 8
| #define SIZEOF_LONG_LONG 8
| #define MED_H5T_INT64 H5T_NATIVE_LONG
| /* end confdefs.h.  */
| #include <stdio.h>
| #ifdef HAVE_SYS_TYPES_H
| # include <sys/types.h>
| #endif
| #ifdef HAVE_SYS_STAT_H
| # include <sys/stat.h>
| #endif
| #ifdef STDC_HEADERS
| # include <stdlib.h>
| # include <stddef.h>
| #else
| # ifdef HAVE_STDLIB_H
| #  include <stdlib.h>
| # endif
| #endif
| #ifdef HAVE_STRING_H
| # if !defined STDC_HEADERS && defined HAVE_MEMORY_H
| #  include <memory.h>
| # endif
| # include <string.h>
| #endif
| #ifdef HAVE_STRINGS_H
| # include <strings.h>
| #endif
| #ifdef HAVE_INTTYPES_H
| # include <inttypes.h>
| #endif
| #ifdef HAVE_STDINT_H
| # include <stdint.h>
| #endif
| #ifdef HAVE_UNISTD_H
| # include <unistd.h>
| #endif
| 	        enum { N = 32 / 2 - 1 };
| #ifdef F77_DUMMY_MAIN
| 
| #  ifdef __cplusplus
|      extern "C"
| #  endif
|    int F77_DUMMY_MAIN() { return 1; }
| 
| #endif
| int
| main ()
| {
| static int test_array [1 - 2 * !((int32_t) (((((int32_t) 1 << N) << N) - 1) * 2 + 1)
| 		 < (int32_t) (((((int32_t) 1 << N) << N) - 1) * 2 + 2))];
| test_array [0] = 0;
| return test_array [0];
| 
|   ;
|   return 0;
| }
configure:28966: result: yes
configure:29036: checking for ftime
configure:29036: mpicc -o conftest -g -O2   conftest.c  >&5
configure:29036: $? = 0
configure:29036: result: yes
configure:29036: checking for gettimeofday
configure:29036: mpicc -o conftest -g -O2   conftest.c  >&5
configure:29036: $? = 0
configure:29036: result: yes
configure:31872: creating ./config.lt

## ------------------ ##
## Running config.lt. ##
## ------------------ ##
config.lt:787: creating libtool
configure:34066: checking that generated files are newer than configure
configure:34072: result: done
configure:34167: creating ./config.status

## ---------------------- ##
## Running config.status. ##
## ---------------------- ##

This file was extended by MED Fichier config.status 4.0.0, which was
generated by GNU Autoconf 2.69.  Invocation command line was

  CONFIG_FILES    = 
  CONFIG_HEADERS  = 
  CONFIG_LINKS    = 
  CONFIG_COMMANDS = 
  $ ./config.status 

on tomsail-XPS-15-7590

config.status:1580: creating Makefile
config.status:1580: creating config/Makefile
config.status:1580: creating include/2.3.6/Makefile
config.status:1580: creating include/2.3.6/med.h
config.status:1580: creating include/2.3.6/med23v30.h
config.status:1580: creating include/2.3.6/med_utils.h
config.status:1580: creating include/Makefile
config.status:1580: creating include/H5public_extract.h
config.status:1580: creating include/med.h
config.status:1580: creating include/med_parameter.hf
config.status:1580: creating include/med_utils.h
config.status:1580: creating src/libmed3.settings
config.status:1580: creating src/Makefile
config.status:1580: creating src/ci/Makefile
config.status:1580: creating src/fi/Makefile
config.status:1580: creating src/cfi/Makefile
config.status:1580: creating src/misc/Makefile
config.status:1580: creating src/hdfi/Makefile
config.status:1580: creating src/2.3.6/Makefile
config.status:1580: creating src/2.3.6/ci/Makefile
config.status:1580: creating src/2.3.6/fi/Makefile
config.status:1580: creating src/2.3.6/cfi/Makefile
config.status:1580: creating src/2.3.6/misc/Makefile
config.status:1580: creating src/2.3.6/hdfi/Makefile
config.status:1580: creating tests/Makefile
config.status:1580: creating tests/python/Makefile
config.status:1580: creating tests/python/atlocal
config.status:1580: creating tests/c/Makefile
config.status:1580: creating tests/c/dumps.ref/Makefile
config.status:1580: creating tests/c/3.2.1/Makefile
config.status:1580: creating tests/c/3.2.1/dumps.ref/Makefile
config.status:1580: creating tests/c/3.1.0/Makefile
config.status:1580: creating tests/c/3.1.0/dumps.ref/Makefile
config.status:1580: creating tests/c/3.0.8/Makefile
config.status:1580: creating tests/c/3.0.8/dumps.ref/Makefile
config.status:1580: creating tests/c/2.3.1/Makefile
config.status:1580: creating tests/c/2.3.1/dumps.ref/Makefile
config.status:1580: creating tests/c/2.3.2/Makefile
config.status:1580: creating tests/c/2.3.2/dumps.ref/Makefile
config.status:1580: creating tests/c/2.3.6/Makefile
config.status:1580: creating tests/c/2.3.6/dumps.ref/Makefile
config.status:1580: creating tests/c/2.3.1v3.0/Makefile
config.status:1580: creating tests/c/2.3.1v3.0/dumps.ref/Makefile
config.status:1580: creating tests/c/2.3.2v3.0/Makefile
config.status:1580: creating tests/c/2.3.2v3.0/dumps.ref/Makefile
config.status:1580: creating tests/c/2.3v3.0/Makefile
config.status:1580: creating tests/c/2.3v3.0/dumps.ref/Makefile
config.status:1580: creating tests/f/Makefile
config.status:1580: creating tests/f/dumps.ref/Makefile
config.status:1580: creating tests/f/3.2.1/Makefile
config.status:1580: creating tests/f/3.2.1/dumps.ref/Makefile
config.status:1580: creating tests/f/3.1.0/Makefile
config.status:1580: creating tests/f/3.1.0/dumps.ref/Makefile
config.status:1580: creating tests/f/3.0.8/Makefile
config.status:1580: creating tests/f/3.0.8/dumps.ref/Makefile
config.status:1580: creating tests/f/2.3.1/Makefile
config.status:1580: creating tests/f/2.3.1/dumps.ref/Makefile
config.status:1580: creating tests/f/2.3.2/Makefile
config.status:1580: creating tests/f/2.3.2/dumps.ref/Makefile
config.status:1580: creating tests/f/2.3.6/Makefile
config.status:1580: creating tests/f/2.3.6/dumps.ref/Makefile
config.status:1580: creating tests/f/2.3v3.0/Makefile
config.status:1580: creating tests/f/2.3v3.0/dumps.ref/Makefile
config.status:1580: creating tests/f/2.3.1v3.0/Makefile
config.status:1580: creating tests/f/2.3.1v3.0/dumps.ref/Makefile
config.status:1580: creating tests/f/2.3.2v3.0/Makefile
config.status:1580: creating tests/f/2.3.2v3.0/dumps.ref/Makefile
config.status:1580: creating tests/parallel/Makefile
config.status:1580: creating tests/parallel/dumps.ref/Makefile
config.status:1580: creating tests/parallel/f/Makefile
config.status:1580: creating tests/usecases/Makefile
config.status:1580: creating tests/usecases/c/Makefile
config.status:1580: creating tests/usecases/c/dumps.ref/Makefile
config.status:1580: creating tests/usecases/f/Makefile
config.status:1580: creating tests/usecases/f/dumps.ref/Makefile
config.status:1580: creating tests/usecases/python/Makefile
config.status:1580: creating tests/usecases/python/atlocal
config.status:1580: creating tests/unittests/Makefile
config.status:1580: creating tests/unittests/c/Makefile
config.status:1580: creating tests/unittests/c/dumps.ref/Makefile
config.status:1580: creating tests/unittests/c/MEDinterp/Makefile
config.status:1580: creating tests/unittests/c/MEDinterp/dumps.ref/Makefile
config.status:1580: creating tests/unittests/c/MEDmesh/Makefile
config.status:1580: creating tests/unittests/c/MEDmesh/dumps.ref/Makefile
config.status:1580: creating tests/unittests/f/Makefile
config.status:1580: creating tests/unittests/f/dumps.ref/Makefile
config.status:1580: creating tools/Makefile
config.status:1580: creating tools/mdump/Makefile
config.status:1580: creating tools/mdump/xmdump2
config.status:1580: creating tools/mdump/xmdump3
config.status:1580: creating tools/medconforme/Makefile
config.status:1580: creating tools/medimport/Makefile
config.status:1580: creating tools/medimport/include/Makefile
config.status:1580: creating tools/medimport/2.3.1/Makefile
config.status:1580: creating tools/medimport/2.1.x/Makefile
config.status:1580: creating tools/medimport/2.3.6/Makefile
config.status:1580: creating tools/medimport/3.0.0/Makefile
config.status:1580: creating tools/medimport/3.1.0/Makefile
config.status:1580: creating tools/medimport/3.2.0/Makefile
config.status:1580: creating doc/Makefile
config.status:1580: creating doc/dox/Makefile
config.status:1580: creating doc/dox/aliases.als
config.status:1580: creating doc/dox/Doxyfile.cfg
config.status:1580: creating doc/gif/Makefile
config.status:1580: creating doc/html/Makefile
config.status:1580: creating doc/html/root.html
config.status:1580: creating doc/html.dox/Makefile
config.status:1580: creating doc/jpg/Makefile
config.status:1580: creating doc/png/Makefile
config.status:1580: creating doc/odt/Makefile
config.status:1580: creating python/Makefile
config.status:1580: creating src/CMakeLists.txt
config.status:1580: creating tools/medimport/CMakeLists.txt
config.status:1580: creating CMakeLists.txt
config.status:1580: creating include/med_config.h
config.status:1766: include/med_config.h is unchanged
config.status:1814: executing depfiles commands
config.status:1814: executing libtool commands
config.status:1814: executing tests/python/atconfig commands
config.status:1814: executing tests/usecases/python/atconfig commands

## ---------------- ##
## Cache variables. ##
## ---------------- ##

ac_cv_build=x86_64-unknown-linux-gnu
ac_cv_c_compiler_gnu=yes
ac_cv_c_const=yes
ac_cv_c_int32_t=yes
ac_cv_c_int64_t=yes
ac_cv_cxx_compiler_gnu=yes
ac_cv_env_CCC_set=
ac_cv_env_CCC_value=
ac_cv_env_CC_set=
ac_cv_env_CC_value=
ac_cv_env_CFLAGS_set=
ac_cv_env_CFLAGS_value=
ac_cv_env_CPPFLAGS_set=
ac_cv_env_CPPFLAGS_value=
ac_cv_env_CPP_set=
ac_cv_env_CPP_value=
ac_cv_env_CXXCPP_set=
ac_cv_env_CXXCPP_value=
ac_cv_env_CXXFLAGS_set=
ac_cv_env_CXXFLAGS_value=
ac_cv_env_CXX_set=
ac_cv_env_CXX_value=
ac_cv_env_F77_set=
ac_cv_env_F77_value=
ac_cv_env_FCFLAGS_set=
ac_cv_env_FCFLAGS_value=
ac_cv_env_FC_set=
ac_cv_env_FC_value=
ac_cv_env_FFLAGS_set=
ac_cv_env_FFLAGS_value=
ac_cv_env_FTLDFLAGS_set=
ac_cv_env_FTLDFLAGS_value=
ac_cv_env_FTLIBS_set=
ac_cv_env_FTLIBS_value=
ac_cv_env_LDFLAGS_set=
ac_cv_env_LDFLAGS_value=
ac_cv_env_LIBS_set=
ac_cv_env_LIBS_value=
ac_cv_env_LT_SYS_LIBRARY_PATH_set=
ac_cv_env_LT_SYS_LIBRARY_PATH_value=
ac_cv_env_MPICC_set=
ac_cv_env_MPICC_value=
ac_cv_env_MPICXX_set=
ac_cv_env_MPICXX_value=
ac_cv_env_MPIF77_set=
ac_cv_env_MPIF77_value=
ac_cv_env_MPIFC_set=
ac_cv_env_MPIFC_value=
ac_cv_env_PYTHON_VERSION_set=
ac_cv_env_PYTHON_VERSION_value=
ac_cv_env_PYTHON_set=
ac_cv_env_PYTHON_value=
ac_cv_env_SWIGFLAGS_set=
ac_cv_env_SWIGFLAGS_value=
ac_cv_env_build_alias_set=
ac_cv_env_build_alias_value=
ac_cv_env_host_alias_set=
ac_cv_env_host_alias_value=
ac_cv_env_target_alias_set=
ac_cv_env_target_alias_value=
ac_cv_f77_compiler_gnu=yes
ac_cv_f77_dummy_main=none
ac_cv_f77_libs=' -L/usr/lib/x86_64-linux-gnu/openmpi/lib/fortran/gfortran -L/usr/lib/gcc/x86_64-linux-gnu/11 -L/usr/lib/gcc/x86_64-linux-gnu/11/../../../x86_64-linux-gnu -L/usr/lib/gcc/x86_64-linux-gnu/11/../../../../lib -L/lib/x86_64-linux-gnu -L/lib/../lib -L/usr/lib/x86_64-linux-gnu -L/usr/lib/../lib -L/usr/lib/gcc/x86_64-linux-gnu/11/../../.. -lmpi_usempif08 -lmpi_usempi_ignore_tkr -lmpi_mpifh -lmpi -lopen-rte -lopen-pal -lhwloc -levent_core -levent_pthreads -lgfortran -lm -lz -lquadmath'
ac_cv_f77_mangling='lower case, underscore, no extra underscore'
ac_cv_fortran_dummy_main=none
ac_cv_func_H5Pset_fapl_mpio=yes
ac_cv_func_cuserid=yes
ac_cv_func_ftime=yes
ac_cv_func_geteuid=yes
ac_cv_func_getpwuid=yes
ac_cv_func_gettimeofday=yes
ac_cv_header_H5Ipublic_h=yes
ac_cv_header_H5public_h=yes
ac_cv_header_dlfcn_h=yes
ac_cv_header_inttypes_h=yes
ac_cv_header_malloc_h=yes
ac_cv_header_memory_h=yes
ac_cv_header_pwd_h=yes
ac_cv_header_stdbool_h=yes
ac_cv_header_stdc=yes
ac_cv_header_stdint_h=yes
ac_cv_header_stdlib_h=yes
ac_cv_header_string_h=yes
ac_cv_header_strings_h=yes
ac_cv_header_sys_stat_h=yes
ac_cv_header_sys_time_h=yes
ac_cv_header_sys_timeb_h=yes
ac_cv_header_sys_types_h=yes
ac_cv_header_time=yes
ac_cv_header_unistd_h=yes
ac_cv_host=x86_64-unknown-linux-gnu
ac_cv_lib_hdf5_H5open=yes
ac_cv_objext=o
ac_cv_path_CP=/usr/bin/cp
ac_cv_path_EGREP='/usr/bin/grep -E'
ac_cv_path_FGREP='/usr/bin/grep -F'
ac_cv_path_GREP=/usr/bin/grep
ac_cv_path_H5DUMP=/home/tomsail/apps/telemac-mascaret/optionals/hdf5-1.10.3/bin/h5dump
ac_cv_path_SED=/usr/bin/sed
ac_cv_path_WISH=/usr/bin/wish
ac_cv_path_install='/usr/bin/install -c'
ac_cv_path_lt_DD=/usr/bin/dd
ac_cv_path_mkdir=/usr/bin/mkdir
ac_cv_prog_AWK=mawk
ac_cv_prog_CPP='mpicc -E'
ac_cv_prog_CXXCPP='mpic++ -E'
ac_cv_prog_CXXOK=yes
ac_cv_prog_DIFF=yes
ac_cv_prog_SED=/usr/bin/sed
ac_cv_prog_ac_ct_AR=ar
ac_cv_prog_ac_ct_CC=mpicc
ac_cv_prog_ac_ct_CXX=mpic++
ac_cv_prog_ac_ct_DLLTOOL=dlltool
ac_cv_prog_ac_ct_F77=mpif77
ac_cv_prog_ac_ct_MANIFEST_TOOL=mt
ac_cv_prog_ac_ct_OBJDUMP=objdump
ac_cv_prog_ac_ct_RANLIB=ranlib
ac_cv_prog_ac_ct_STRIP=strip
ac_cv_prog_cc_c89=
ac_cv_prog_cc_c99=
ac_cv_prog_cc_g=yes
ac_cv_prog_cxx_g=yes
ac_cv_prog_f77_g=yes
ac_cv_prog_f77_v=-v
ac_cv_prog_make_make_set=yes
ac_cv_sizeof_fortran_integer=4
ac_cv_sizeof_fortran_integerp8=8
ac_cv_sizeof_hid_t=8
ac_cv_sizeof_int=4
ac_cv_sizeof_long=8
ac_cv_sizeof_long_long=8
ac_cv_type__Bool=yes
ac_cv_type_size_t=yes
am_cv_CC_dependencies_compiler_type=gcc3
am_cv_CXX_dependencies_compiler_type=gcc3
am_cv_make_support_nested_variables=yes
am_cv_prog_cc_c_o=yes
am_cv_prog_tar_ustar=gnutar
gl_cv_absolute_H5Ipublic_h=///home/tomsail/apps/telemac-mascaret/optionals/hdf5-1.10.3/include/H5Ipublic.h
gl_cv_absolute_H5public_h=///home/tomsail/apps/telemac-mascaret/optionals/hdf5-1.10.3/include/H5public.h
lt_cv_ar_at_file=@
lt_cv_archive_cmds_need_lc=no
lt_cv_deplibs_check_method=pass_all
lt_cv_file_magic_cmd='$MAGIC_CMD'
lt_cv_file_magic_test_file=
lt_cv_ld_reload_flag=-r
lt_cv_nm_interface='BSD nm'
lt_cv_objdir=.libs
lt_cv_path_LD=/usr/bin/ld
lt_cv_path_LDCXX='/usr/bin/ld -m elf_x86_64'
lt_cv_path_NM='/usr/bin/nm -B'
lt_cv_path_mainfest_tool=no
lt_cv_prog_compiler_c_o=yes
lt_cv_prog_compiler_c_o_CXX=yes
lt_cv_prog_compiler_c_o_F77=yes
lt_cv_prog_compiler_pic='-fPIC -DPIC'
lt_cv_prog_compiler_pic_CXX='-fPIC -DPIC'
lt_cv_prog_compiler_pic_F77=-fPIC
lt_cv_prog_compiler_pic_works=yes
lt_cv_prog_compiler_pic_works_CXX=yes
lt_cv_prog_compiler_pic_works_F77=yes
lt_cv_prog_compiler_rtti_exceptions=no
lt_cv_prog_compiler_static_works=no
lt_cv_prog_compiler_static_works_CXX=no
lt_cv_prog_compiler_static_works_F77=no
lt_cv_prog_gnu_ld=yes
lt_cv_prog_gnu_ldcxx=yes
lt_cv_sharedlib_from_linklib_cmd='printf %s\n'
lt_cv_shlibpath_overrides_runpath=yes
lt_cv_sys_global_symbol_pipe='sed -n -e '\''s/^.*[	 ]\([ABCDGIRSTW][ABCDGIRSTW]*\)[	 ][	 ]*\([_A-Za-z][_A-Za-z0-9]*\)$/\1 \2 \2/p'\'' | sed '\''/ __gnu_lto/d'\'''
lt_cv_sys_global_symbol_to_c_name_address='sed -n -e '\''s/^: \(.*\) .*$/  {"\1", (void *) 0},/p'\'' -e '\''s/^[ABCDGIRSTW][ABCDGIRSTW]* .* \(.*\)$/  {"\1", (void *) \&\1},/p'\'''
lt_cv_sys_global_symbol_to_c_name_address_lib_prefix='sed -n -e '\''s/^: \(.*\) .*$/  {"\1", (void *) 0},/p'\'' -e '\''s/^[ABCDGIRSTW][ABCDGIRSTW]* .* \(lib.*\)$/  {"\1", (void *) \&\1},/p'\'' -e '\''s/^[ABCDGIRSTW][ABCDGIRSTW]* .* \(.*\)$/  {"lib\1", (void *) \&\1},/p'\'''
lt_cv_sys_global_symbol_to_cdecl='sed -n -e '\''s/^T .* \(.*\)$/extern int \1();/p'\'' -e '\''s/^[ABCDGIRSTW][ABCDGIRSTW]* .* \(.*\)$/extern char \1;/p'\'''
lt_cv_sys_global_symbol_to_import=
lt_cv_sys_max_cmd_len=1572864
lt_cv_to_host_file_cmd=func_convert_file_noop
lt_cv_to_tool_file_cmd=func_convert_file_noop
lt_cv_truncate_bin='/usr/bin/dd bs=4096 count=1'

## ----------------- ##
## Output variables. ##
## ----------------- ##

ACLOCAL='${SHELL} /home/tomsail/apps/telemac-mascaret/optionals/med-4.0.0/config/missing aclocal-1.15'
AMDEPBACKSLASH='\'
AMDEP_FALSE='#'
AMDEP_TRUE=''
AMTAR='$${TAR-tar}'
AM_BACKSLASH='\'
AM_DEFAULT_V='$(AM_DEFAULT_VERBOSITY)'
AM_DEFAULT_VERBOSITY='1'
AM_V='$(V)'
AR='ar'
AS='as'
AUTOCONF='${SHELL} /home/tomsail/apps/telemac-mascaret/optionals/med-4.0.0/config/missing autoconf'
AUTOHEADER='${SHELL} /home/tomsail/apps/telemac-mascaret/optionals/med-4.0.0/config/missing autoheader'
AUTOMAKE='${SHELL} /home/tomsail/apps/telemac-mascaret/optionals/med-4.0.0/config/missing automake-1.15'
AWK='mawk'
BUILD_F77TESTS_CONDITIONAL_FALSE='#'
BUILD_F77TESTS_CONDITIONAL_TRUE=''
BUILD_F90TESTS_CONDITIONAL_FALSE=''
BUILD_F90TESTS_CONDITIONAL_TRUE='#'
BUILD_PYTHONTESTS_CONDITIONAL_FALSE=''
BUILD_PYTHONTESTS_CONDITIONAL_TRUE='#'
BUILD_WITH_PMED='yes'
CC='mpicc'
CCDEPMODE='depmode=gcc3'
CC_VERSION='/usr/bin/mpicc'
CFLAGS='-g -O2'
CONFIG_DATE='Mon Jun 19 19:05:58 CEST 2023'
CONFIG_USER='root@tomsail-XPS-15-7590'
CP='/usr/bin/cp'
CPP='mpicc -E'
CPPFLAGS=''
CXX='mpic++'
CXXCPP='mpic++ -E'
CXXDEPMODE='depmode=gcc3'
CXXFLAGS='-g -O2'
CXXOK='yes'
CYGPATH_W='echo'
DEFS='-DHAVE_CONFIG_H'
DEPDIR='.deps'
DIFF='yes'
DLLTOOL='dlltool'
DSYMUTIL=''
DUMPBIN=''
ECHO_C=''
ECHO_N='-n'
ECHO_T=''
EGREP='/usr/bin/grep -E'
ENABLE_API23_FALSE='#'
ENABLE_API23_TRUE=''
ENABLE_FORTRAN_FALSE='#'
ENABLE_FORTRAN_TRUE=''
EXEEXT=''
F77='mpif77'
FC=''
FCFLAGS=''
FCFLAGS_F90=''
FCFLAGS_F=''
FCLIBS=''
FC_DEFINE=''
FFLAGS='-g -O2'
FGREP='/usr/bin/grep -F'
FLIBS=' -L/usr/lib/x86_64-linux-gnu/openmpi/lib/fortran/gfortran -L/usr/lib/gcc/x86_64-linux-gnu/11 -L/usr/lib/gcc/x86_64-linux-gnu/11/../../../x86_64-linux-gnu -L/usr/lib/gcc/x86_64-linux-gnu/11/../../../../lib -L/lib/x86_64-linux-gnu -L/lib/../lib -L/usr/lib/x86_64-linux-gnu -L/usr/lib/../lib -L/usr/lib/gcc/x86_64-linux-gnu/11/../../.. -lmpi_usempif08 -lmpi_usempi_ignore_tkr -lmpi_mpifh -lmpi -lopen-rte -lopen-pal -lhwloc -levent_core -levent_pthreads -lgfortran -lm -lz -lquadmath'
FTLDFLAGS=''
FTLIBS=''
GREP='/usr/bin/grep'
H5DUMP='/home/tomsail/apps/telemac-mascaret/optionals/hdf5-1.10.3/bin/h5dump'
HAVE_INT64_FALSE='#'
HAVE_INT64_TRUE=''
HDF5_CPPFLAGS='-DH5_USE_16_API -I/home/tomsail/apps/telemac-mascaret/optionals/hdf5-1.10.3/include'
HDF5_LDFLAGS='-L/home/tomsail/apps/telemac-mascaret/optionals/hdf5-1.10.3/lib'
HDF5_LIBS='-lhdf5'
HDF5_TYPEDEF_HERR_T='typedef int herr_t;'
HDF5_TYPEDEF_HID_T='typedef int64_t hid_t;'
HDF5_TYPEDEF_HSIZE_T='typedef unsigned long long 	hsize_t;'
HDF5_USED_VER='"HDF5 library version: 1.10.3"'
HDF_VERSION_MAJOR_REF='1'
HDF_VERSION_MINOR_REF='10'
HDF_VERSION_REF='5-1.10.2'
HDF_VERSION_RELEASE_REF='2'
HIDT_I8_OR_I4='integer*8'
INSTALLTEST_FALSE=''
INSTALLTEST_TRUE='#'
INSTALL_DATA='${INSTALL} -m 644'
INSTALL_PROGRAM='${INSTALL}'
INSTALL_SCRIPT='${INSTALL}'
INSTALL_STRIP_PROGRAM='$(install_sh) -c -s'
LD='/usr/bin/ld -m elf_x86_64'
LDFLAGS=''
LIBOBJS=''
LIBS=''
LIBTOOL='$(SHELL) $(top_builddir)/libtool'
LIPO=''
LN_S='ln -s'
LONG_OR_INT='int'
LTLIBOBJS=''
LT_SYS_LIBRARY_PATH=''
MAKEINFO='${SHELL} /home/tomsail/apps/telemac-mascaret/optionals/med-4.0.0/config/missing makeinfo'
MANIFEST_TOOL=':'
MEDIMPORT_CMAKE_SO_MAJ='0'
MEDIMPORT_CMAKE_SO_MIN='3'
MEDIMPORT_CMAKE_SO_REL='0'
MEDIMPORT_CMAKE_SO_VERSION='0.3.0'
MEDIMPORT_LIBTOOL_MAJ='3'
MEDIMPORT_LIBTOOL_MIN='0'
MEDIMPORT_LIBTOOL_REL='3'
MED_3_LATEST_MINOR='3'
MED_API_23='-DMED_API_23=1'
MED_CHECK_23FORMAT='yes'
MED_CMAKE_SO_MAJ='11'
MED_CMAKE_SO_MIN='0'
MED_CMAKE_SO_REL='0'
MED_CMAKE_SO_VERSION='11.0.0'
MED_DEFINE_MED_HAVE_MPI='#define MED_HAVE_MPI'
MED_HAVE_PYTHON3_FALSE=''
MED_HAVE_PYTHON3_TRUE='#'
MED_INT32='int32_t'
MED_INT64='int64_t'
MED_LIBTOOL_MAJ='11'
MED_LIBTOOL_MIN='0'
MED_LIBTOOL_REL='0'
MED_NUM_MAJEUR='4'
MED_NUM_MINEUR='0'
MED_NUM_RELEASE='0'
MED_PYTHON2_VERSION_REF='2.7'
MED_PYTHON3_VERSION_REF='3.0'
MED_PYTHON_VERSION_REF='3.0'
MED_SWIG_GT_30008_FALSE=''
MED_SWIG_GT_30008_TRUE='#'
MED_SWIG_INT64_FALSE='#'
MED_SWIG_INT64_TRUE=''
MED_SWIG_MIN_VERSION_REF='2.0.8'
MED_SWIG_VERSION_REF='3.0.8'
MESGERR='yes'
MKDIR_P='/usr/bin/mkdir -p'
MPICC=''
MPICXX=''
MPIF77=''
MPIFC=''
NM='/usr/bin/nm -B'
NMEDIT=''
OBJDUMP='objdump'
OBJEXT='o'
OTOOL64=''
OTOOL=''
PACKAGE='med'
PACKAGE_BUGREPORT='eric.fayolle@edf.fr'
PACKAGE_NAME='MED Fichier'
PACKAGE_STRING='MED Fichier 4.0.0'
PACKAGE_TARNAME='med'
PACKAGE_URL=''
PACKAGE_VERSION='4.0.0'
PATH_SEPARATOR=':'
PYTHON='Python not available'
PYTHON_CPPFLAGS=''
PYTHON_EXEC_PREFIX=''
PYTHON_EXTRA_LDFLAGS=''
PYTHON_EXTRA_LIBS=''
PYTHON_LDFLAGS=''
PYTHON_PLATFORM=''
PYTHON_PREFIX=''
PYTHON_SITE_PKG=''
PYTHON_VERSION=''
RANLIB='ranlib'
SED='/usr/bin/sed'
SET_MAKE=''
SHELL='/bin/bash'
STATIC_SHARED='static, shared'
STRIP='strip'
SWIG='SWIG not available.'
SWIGFLAGS=''
SWIG_LIB=''
SWIG_PYTHON_CPPFLAGS=''
SWIG_PYTHON_OPT=''
UNAME_INFO='Linux tomsail-XPS-15-7590 5.19.0-45-generic #46~22.04.1-Ubuntu SMP PREEMPT_DYNAMIC Wed Jun 7 15:06:04 UTC 20 x86_64 x86_64 x86_64 GNU/Linux'
VERSION='4.0.0'
WISH='/usr/bin/wish'
WITHF90_FALSE=''
WITHF90_TRUE='#'
WITHFCPP_FALSE=''
WITHFCPP_TRUE='#'
WITHPMED_FALSE='#'
WITHPMED_TRUE=''
WITH_PYTHON_FALSE=''
WITH_PYTHON_TRUE='#'
WITH_SWIG_FALSE=''
WITH_SWIG_TRUE='#'
ac_aux_dir='config'
ac_ct_AR='ar'
ac_ct_CC='mpicc'
ac_ct_CXX='mpic++'
ac_ct_DUMPBIN=''
ac_ct_F77='mpif77'
ac_ct_FC=''
am__EXEEXT_FALSE=''
am__EXEEXT_TRUE='#'
am__fastdepCC_FALSE='#'
am__fastdepCC_TRUE=''
am__fastdepCXX_FALSE='#'
am__fastdepCXX_TRUE=''
am__include='include'
am__isrc=''
am__leading_dot='.'
am__nodep='_no'
am__quote=''
am__tar='tar --format=ustar -chf - "$$tardir"'
am__untar='tar -xf -'
bindir='${exec_prefix}/bin'
build='x86_64-unknown-linux-gnu'
build_alias=''
build_cpu='x86_64'
build_os='linux-gnu'
build_vendor='unknown'
datadir='${datarootdir}'
datarootdir='${prefix}/share'
docdir='${datarootdir}/doc/${PACKAGE_TARNAME}'
dvidir='${docdir}'
enable_shared='yes'
enable_static='yes'
exec_prefix='${prefix}'
host='x86_64-unknown-linux-gnu'
host_alias=''
host_cpu='x86_64'
host_os='linux-gnu'
host_vendor='unknown'
htmldir='${docdir}'
includedir='${prefix}/include'
infodir='${datarootdir}/info'
install_sh='${SHELL} /home/tomsail/apps/telemac-mascaret/optionals/med-4.0.0/config/install-sh'
libdir='${exec_prefix}/lib'
libexecdir='${exec_prefix}/libexec'
localedir='${datarootdir}/locale'
localstatedir='${prefix}/var'
mandir='${datarootdir}/man'
mkdir_p='$(MKDIR_P)'
oldincludedir='/usr/include'
pdfdir='${docdir}'
pkgpyexecdir=''
pkgpythondir=''
prefix='/home/tomsail/apps/telemac-mascaret/optionals/med-4.0.0'
program_transform_name='s,x,x,'
psdir='${docdir}'
pyexecdir=''
pythondir=''
sbindir='${exec_prefix}/sbin'
sharedstatedir='${prefix}/com'
sysconfdir='${prefix}/etc'
target_alias=''

## ------------------- ##
## File substitutions. ##
## ------------------- ##

DOXYALIASES='./doc/dox/aliases.als'
DOXYMEDEQUIVALENCE='./doc/dox/MEDequivalence.als'
DOXYMEDFAMILY='./doc/dox/MEDfamily.als'
DOXYMEDFIELD='./doc/dox/MEDfield.als'
DOXYMEDFILE='./doc/dox/MEDfile.als'
DOXYMEDFILTER='./doc/dox/MEDfilter.als'
DOXYMEDINTERP='./doc/dox/MEDinterp.als'
DOXYMEDJOINT='./doc/dox/MEDjoint.als'
DOXYMEDLIBRARY='./doc/dox/MEDlibrary.als'
DOXYMEDLINK='./doc/dox/MEDlink.als'
DOXYMEDLOCALIZATION='./doc/dox/MEDlocalization.als'
DOXYMEDMESH='./doc/dox/MEDmesh.als'
DOXYMEDPARAMETER='./doc/dox/MEDparameter.als'
DOXYMEDPROFILE='./doc/dox/MEDprofile.als'
DOXYMEDSTRUCTELEMENT='./doc/dox/MEDstructElement.als'
DOXYMEDSUPPORTMESH='./doc/dox/MEDsupportMesh.als'

## ----------- ##
## confdefs.h. ##
## ----------- ##

/* confdefs.h */
#define PACKAGE_NAME "MED Fichier"
#define PACKAGE_TARNAME "med"
#define PACKAGE_VERSION "4.0.0"
#define PACKAGE_STRING "MED Fichier 4.0.0"
#define PACKAGE_BUGREPORT "eric.fayolle@edf.fr"
#define PACKAGE_URL ""
#define PACKAGE "med"
#define VERSION "4.0.0"
#define HAVE_MPI 1
#define MED_HAVE_FORTRAN 1
#define STDC_HEADERS 1
#define HAVE_SYS_TYPES_H 1
#define HAVE_SYS_STAT_H 1
#define HAVE_STDLIB_H 1
#define HAVE_STRING_H 1
#define HAVE_MEMORY_H 1
#define HAVE_STRINGS_H 1
#define HAVE_INTTYPES_H 1
#define HAVE_STDINT_H 1
#define HAVE_UNISTD_H 1
#define HAVE_H5PUBLIC_H 1
#define ABSOLUTE_H5PUBLIC_H "///home/tomsail/apps/telemac-mascaret/optionals/hdf5-1.10.3/include/H5public.h"
#define HAVE_H5IPUBLIC_H 1
#define ABSOLUTE_H5IPUBLIC_H "///home/tomsail/apps/telemac-mascaret/optionals/hdf5-1.10.3/include/H5Ipublic.h"
#define HAVE_LIBHDF5 1
#define HAVE_H5PSET_FAPL_MPIO 1
#define MESGERR 1
#define MED_CHECK_23FORMAT 1
#define HAVE_CC_C99 1
#define HAVE_MPI 1
#define F77_FUNC(name,NAME) name ## _
#define F77_FUNC_(name,NAME) name ## _
#define SIZEOF_HID_T 8
#define HAVE_F77HIDT64 /**/
#define SIZEOF_FORTRAN_INTEGERp8 8
#define SIZEOF_FORTRAN_INTEGER 4
#define SIZEOF_INT 4
#define SIZEOF_LONG 8
#define HAVE_MPI 1
#define MED_API_23 1
#define HAVE_DLFCN_H 1
#define LT_OBJDIR ".libs/"
#define STDC_HEADERS 1
#define TIME_WITH_SYS_TIME 1
#define HAVE_MALLOC_H 1
#define HAVE_SYS_TIME_H 1
#define HAVE_SYS_TIMEB_H 1
#define HAVE__BOOL 1
#define HAVE_STDBOOL_H 1
#define HAVE_SYS_TYPES_H 1
#define HAVE_PWD_H 1
#define HAVE_UNISTD_H 1
#define HAVE_GETPWUID 1
#define HAVE_GETEUID 1
#define HAVE_CUSERID 1
#define SIZEOF_LONG 8
#define SIZEOF_LONG_LONG 8
#define MED_H5T_INT64 H5T_NATIVE_LONG
#define MED_SWIG_INT64 /**/
#define HAVE_INT64 /**/
#define HAVE_FTIME 1
#define HAVE_GETTIMEOFDAY 1
#define MED_HAVE_PYTHON 0

configure: exit 0

## ---------------------- ##
## Running config.status. ##
## ---------------------- ##

This file was extended by MED Fichier config.status 4.0.0, which was
generated by GNU Autoconf 2.69.  Invocation command line was

  CONFIG_FILES    = 
  CONFIG_HEADERS  = 
  CONFIG_LINKS    = 
  CONFIG_COMMANDS = 
  $ ./config.status src/libmed3.settings

on tomsail-XPS-15-7590

config.status:1580: creating src/libmed3.settings
